#
# There is insufficient memory for the Java Runtime Environment to continue.
# Native memory allocation (mmap) failed to map 28311552 bytes for Failed to commit area from 0x0000000088600000 to 0x000000008a100000 of length 28311552.
# Possible reasons:
#   The system is out of physical RAM or swap space
#   The process is running with CompressedOops enabled, and the Java Heap may be blocking the growth of the native heap
# Possible solutions:
#   Reduce memory load on the system
#   Increase physical memory or swap space
#   Check if swap backing store is full
#   Decrease Java heap size (-Xmx/-Xms)
#   Decrease number of Java threads
#   Decrease Java thread stack sizes (-Xss)
#   Set larger code cache with -XX:ReservedCodeCacheSize=
#   JVM is running with Unscaled Compressed Oops mode in which the Java heap is
#     placed in the first 4GB address space. The Java Heap base address is the
#     maximum limit for the native heap growth. Please use -XX:HeapBaseMinAddress
#     to set the Java Heap base and to place the Java Heap above 4GB virtual address.
# This output file may be truncated or incomplete.
#
#  Out of Memory Error (src/hotspot/os/windows/os_windows.cpp:3627), pid=24752, tid=21356
#
# JRE version: OpenJDK Runtime Environment (11.0.15) (build 11.0.15+0-b2043.56-9505619)
# Java VM: OpenJDK 64-Bit Server VM (11.0.15+0-b2043.56-9505619, mixed mode, tiered, compressed oops, g1 gc, windows-amd64)
# No core dump will be written. Minidumps are not enabled by default on client versions of Windows
#

---------------  S U M M A R Y ------------

Command Line: --add-opens=java.base/java.util=ALL-UNNAMED --add-opens=java.base/java.lang=ALL-UNNAMED --add-opens=java.base/java.lang.invoke=ALL-UNNAMED --add-opens=java.base/java.util=ALL-UNNAMED --add-opens=java.prefs/java.util.prefs=ALL-UNNAMED --add-opens=java.prefs/java.util.prefs=ALL-UNNAMED --add-opens=java.base/java.nio.charset=ALL-UNNAMED --add-opens=java.base/java.net=ALL-UNNAMED --add-opens=java.base/java.util.concurrent.atomic=ALL-UNNAMED -Xmx2048m -Dfile.encoding=UTF-8 -Duser.country=RU -Duser.language=ru -Duser.variant org.gradle.launcher.daemon.bootstrap.GradleDaemon 7.5

Host: AMD Ryzen 3 4300U with Radeon Graphics         , 4 cores, 3G,  Windows 10 , 64 bit Build 19041 (10.0.19041.2546)
Time: Fri Apr  7 00:21:21 2023 RTZ 7 (s 10 , 64 bit Build 19041 (10.0.19041.2546) elapsed time: 20.086487 seconds (0d 0h 0m 20s)

---------------  T H R E A D  ---------------

Current thread (0x0000024628b0e800):  VMThread "VM Thread" [stack: 0x000000d031800000,0x000000d031900000] [id=21356]

Stack: [0x000000d031800000,0x000000d031900000]
[error occurred during error reporting (printing stack bounds), id 0xc0000005, EXCEPTION_ACCESS_VIOLATION (0xc0000005) at pc=0x000002462c56112d]

Native frames: (J=compiled Java code, j=interpreted, Vv=VM code, C=native code)
V  [jvm.dll+0x64135a]
V  [jvm.dll+0x7d39f9]
V  [jvm.dll+0x7d51b9]
V  [jvm.dll+0x7d5805]
V  [jvm.dll+0x7d57bb]
V  [jvm.dll+0x640655]
V  [jvm.dll+0x640d68]
C  [ntdll.dll+0xa241f]
C  [ntdll.dll+0x514a4]
C  [ntdll.dll+0xa0f4e]
C  0x000002462c56112d

VM_Operation (0x000000d032df9740): G1CollectForAllocation, mode: safepoint, requested by thread 0x00000246445a0800


---------------  P R O C E S S  ---------------

Threads class SMR info:
_java_thread_list=0x0000024649ada1d0, length=79, elements={
0x0000024628a35800, 0x00000246425fc800, 0x0000024642608000, 0x0000024642663000,
0x0000024642664000, 0x0000024642665000, 0x0000024642668800, 0x000002464266a000,
0x000002464266d000, 0x00000246430f4000, 0x000002464488e800, 0x0000024645270000,
0x0000024645058000, 0x0000024645033800, 0x0000024645034800, 0x00000246450fa800,
0x00000246445a0800, 0x00000246445a1800, 0x000002464526d800, 0x000002464513b000,
0x0000024644aef800, 0x0000024644aed000, 0x0000024644aeb800, 0x0000024644aec000,
0x0000024644aee000, 0x0000024644af2000, 0x0000024644aee800, 0x0000024644af0000,
0x0000024644af1000, 0x000002464540f800, 0x0000024645410800, 0x0000024645411000,
0x000002464540e800, 0x000002464540e000, 0x0000024645414800, 0x0000024645416000,
0x0000024645418800, 0x0000024645413800, 0x0000024645417000, 0x0000024645419800,
0x000002464541a000, 0x000002464541c000, 0x0000024645417800, 0x000002464541b000,
0x00000246442e8000, 0x00000246442e2800, 0x00000246442e5800, 0x00000246442e5000,
0x00000246442e6800, 0x00000246442e7800, 0x00000246442e3000, 0x00000246442e9000,
0x00000246442e9800, 0x00000246442e4000, 0x00000246442ee800, 0x00000246442ef800,
0x00000246442ed000, 0x00000246442ec000, 0x00000246442ea800, 0x00000246442ee000,
0x00000246442f0800, 0x00000246442f1000, 0x00000246442eb800, 0x0000024643346000,
0x0000024643345000, 0x0000024643347000, 0x0000024643347800, 0x0000024643344800,
0x0000024643348800, 0x0000024643342800, 0x0000024643349000, 0x0000024643343800,
0x000002464334d800, 0x000002464334b800, 0x000002464334a000, 0x000002464334e000,
0x000002464334f800, 0x000002464334f000, 0x0000024643350800
}

Java Threads: ( => current thread )
  0x0000024628a35800 JavaThread "main" [_thread_blocked, id=26376, stack(0x000000d031200000,0x000000d031300000)]
  0x00000246425fc800 JavaThread "Reference Handler" daemon [_thread_blocked, id=4112, stack(0x000000d031900000,0x000000d031a00000)]
  0x0000024642608000 JavaThread "Finalizer" daemon [_thread_blocked, id=17936, stack(0x000000d031a00000,0x000000d031b00000)]
  0x0000024642663000 JavaThread "Signal Dispatcher" daemon [_thread_blocked, id=10116, stack(0x000000d031b00000,0x000000d031c00000)]
  0x0000024642664000 JavaThread "Attach Listener" daemon [_thread_blocked, id=848, stack(0x000000d031c00000,0x000000d031d00000)]
  0x0000024642665000 JavaThread "Service Thread" daemon [_thread_blocked, id=24420, stack(0x000000d031d00000,0x000000d031e00000)]
  0x0000024642668800 JavaThread "C2 CompilerThread0" daemon [_thread_in_native, id=4184, stack(0x000000d031e00000,0x000000d031f00000)]
  0x000002464266a000 JavaThread "C1 CompilerThread0" daemon [_thread_blocked, id=27552, stack(0x000000d031f00000,0x000000d032000000)]
  0x000002464266d000 JavaThread "Sweeper thread" daemon [_thread_blocked, id=22132, stack(0x000000d032000000,0x000000d032100000)]
  0x00000246430f4000 JavaThread "Common-Cleaner" daemon [_thread_blocked, id=9128, stack(0x000000d032100000,0x000000d032200000)]
  0x000002464488e800 JavaThread "Daemon health stats" [_thread_blocked, id=10312, stack(0x000000d032500000,0x000000d032600000)]
  0x0000024645270000 JavaThread "Incoming local TCP Connector on port 63868" [_thread_in_native, id=23856, stack(0x000000d032800000,0x000000d032900000)]
  0x0000024645058000 JavaThread "Daemon periodic checks" [_thread_blocked, id=25204, stack(0x000000d032900000,0x000000d032a00000)]
  0x0000024645033800 JavaThread "Daemon" [_thread_blocked, id=2404, stack(0x000000d032a00000,0x000000d032b00000)]
  0x0000024645034800 JavaThread "Handler for socket connection from /127.0.0.1:63868 to /127.0.0.1:63869" [_thread_in_native, id=26844, stack(0x000000d032b00000,0x000000d032c00000)]
  0x00000246450fa800 JavaThread "Cancel handler" [_thread_blocked, id=18636, stack(0x000000d032c00000,0x000000d032d00000)]
  0x00000246445a0800 JavaThread "Daemon worker" [_thread_blocked, id=22252, stack(0x000000d032d00000,0x000000d032e00000)]
  0x00000246445a1800 JavaThread "Asynchronous log dispatcher for DefaultDaemonConnection: socket connection from /127.0.0.1:63868 to /127.0.0.1:63869" [_thread_blocked, id=25892, stack(0x000000d032e00000,0x000000d032f00000)]
  0x000002464526d800 JavaThread "Stdin handler" [_thread_blocked, id=27596, stack(0x000000d032f00000,0x000000d033000000)]
  0x000002464513b000 JavaThread "Daemon client event forwarder" [_thread_blocked, id=21628, stack(0x000000d033000000,0x000000d033100000)]
  0x0000024644aef800 JavaThread "Cache worker for journal cache (C:\Users\Аня\.gradle\caches\journal-1)" [_thread_blocked, id=22572, stack(0x000000d033100000,0x000000d033200000)]
  0x0000024644aed000 JavaThread "File lock request listener" [_thread_in_native, id=21092, stack(0x000000d033200000,0x000000d033300000)]
  0x0000024644aeb800 JavaThread "Cache worker for file hash cache (C:\Users\Аня\.gradle\caches\7.5\fileHashes)" [_thread_blocked, id=9524, stack(0x000000d033300000,0x000000d033400000)]
  0x0000024644aec000 JavaThread "File watcher server" daemon [_thread_in_native, id=23664, stack(0x000000d033400000,0x000000d033500000)]
  0x0000024644aee000 JavaThread "File watcher consumer" daemon [_thread_blocked, id=27140, stack(0x000000d033500000,0x000000d033600000)]
  0x0000024644af2000 JavaThread "Cache worker for checksums cache (E:\3\Mobile\Laba3\.gradle\7.5\checksums)" [_thread_blocked, id=18508, stack(0x000000d033600000,0x000000d033700000)]
  0x0000024644aee800 JavaThread "Cache worker for cache directory md-rule (C:\Users\Аня\.gradle\caches\7.5\md-rule)" [_thread_blocked, id=24512, stack(0x000000d033700000,0x000000d033800000)]
  0x0000024644af0000 JavaThread "Cache worker for file content cache (C:\Users\Аня\.gradle\caches\7.5\fileContent)" [_thread_blocked, id=23320, stack(0x000000d033800000,0x000000d033900000)]
  0x0000024644af1000 JavaThread "Cache worker for file hash cache (E:\3\Mobile\Laba3\.gradle\7.5\fileHashes)" [_thread_blocked, id=10592, stack(0x000000d033900000,0x000000d033a00000)]
  0x000002464540f800 JavaThread "Cache worker for cache directory md-supplier (C:\Users\Аня\.gradle\caches\7.5\md-supplier)" [_thread_blocked, id=23176, stack(0x000000d033a00000,0x000000d033b00000)]
  0x0000024645410800 JavaThread "Cache worker for execution history cache (C:\Users\Аня\.gradle\caches\7.5\executionHistory)" [_thread_blocked, id=23140, stack(0x000000d033b00000,0x000000d033c00000)]
  0x0000024645411000 JavaThread "jar transforms" [_thread_blocked, id=21268, stack(0x000000d033c00000,0x000000d033d00000)]
  0x000002464540e800 JavaThread "jar transforms Thread 2" [_thread_blocked, id=16704, stack(0x000000d033d00000,0x000000d033e00000)]
  0x000002464540e000 JavaThread "jar transforms Thread 3" [_thread_blocked, id=22332, stack(0x000000d033e00000,0x000000d033f00000)]
  0x0000024645414800 JavaThread "jar transforms Thread 4" [_thread_blocked, id=4916, stack(0x000000d033f00000,0x000000d034000000)]
  0x0000024645416000 JavaThread "Cache worker for dependencies-accessors (E:\3\Mobile\Laba3\.gradle\7.5\dependencies-accessors)" [_thread_blocked, id=22932, stack(0x000000d034000000,0x000000d034100000)]
  0x0000024645418800 JavaThread "Cache worker for Build Output Cleanup Cache (E:\3\Mobile\Laba3\.gradle\buildOutputCleanup)" [_thread_blocked, id=22792, stack(0x000000d034100000,0x000000d034200000)]
  0x0000024645413800 JavaThread "Unconstrained build operations" [_thread_blocked, id=26568, stack(0x000000d034300000,0x000000d034400000)]
  0x0000024645417000 JavaThread "Unconstrained build operations Thread 2" [_thread_blocked, id=2008, stack(0x000000d034400000,0x000000d034500000)]
  0x0000024645419800 JavaThread "Unconstrained build operations Thread 3" [_thread_blocked, id=21732, stack(0x000000d034500000,0x000000d034600000)]
  0x000002464541a000 JavaThread "Unconstrained build operations Thread 4" [_thread_blocked, id=24880, stack(0x000000d034600000,0x000000d034700000)]
  0x000002464541c000 JavaThread "Unconstrained build operations Thread 5" [_thread_blocked, id=21400, stack(0x000000d034700000,0x000000d034800000)]
  0x0000024645417800 JavaThread "Unconstrained build operations Thread 6" [_thread_blocked, id=2060, stack(0x000000d034800000,0x000000d034900000)]
  0x000002464541b000 JavaThread "Unconstrained build operations Thread 7" [_thread_blocked, id=23152, stack(0x000000d034900000,0x000000d034a00000)]
  0x00000246442e8000 JavaThread "Unconstrained build operations Thread 8" [_thread_blocked, id=24072, stack(0x000000d034a00000,0x000000d034b00000)]
  0x00000246442e2800 JavaThread "Unconstrained build operations Thread 9" [_thread_blocked, id=11004, stack(0x000000d034b00000,0x000000d034c00000)]
  0x00000246442e5800 JavaThread "Unconstrained build operations Thread 10" [_thread_blocked, id=1096, stack(0x000000d034c00000,0x000000d034d00000)]
  0x00000246442e5000 JavaThread "Unconstrained build operations Thread 11" [_thread_blocked, id=8572, stack(0x000000d034d00000,0x000000d034e00000)]
  0x00000246442e6800 JavaThread "Unconstrained build operations Thread 12" [_thread_blocked, id=26640, stack(0x000000d034e00000,0x000000d034f00000)]
  0x00000246442e7800 JavaThread "Unconstrained build operations Thread 13" [_thread_blocked, id=25912, stack(0x000000d034f00000,0x000000d035000000)]
  0x00000246442e3000 JavaThread "Unconstrained build operations Thread 14" [_thread_blocked, id=27508, stack(0x000000d035000000,0x000000d035100000)]
  0x00000246442e9000 JavaThread "Unconstrained build operations Thread 15" [_thread_blocked, id=22436, stack(0x000000d035100000,0x000000d035200000)]
  0x00000246442e9800 JavaThread "Unconstrained build operations Thread 16" [_thread_blocked, id=26924, stack(0x000000d035200000,0x000000d035300000)]
  0x00000246442e4000 JavaThread "Unconstrained build operations Thread 17" [_thread_blocked, id=24828, stack(0x000000d035300000,0x000000d035400000)]
  0x00000246442ee800 JavaThread "Unconstrained build operations Thread 18" [_thread_blocked, id=25240, stack(0x000000d035400000,0x000000d035500000)]
  0x00000246442ef800 JavaThread "Unconstrained build operations Thread 19" [_thread_blocked, id=11672, stack(0x000000d035500000,0x000000d035600000)]
  0x00000246442ed000 JavaThread "Unconstrained build operations Thread 20" [_thread_blocked, id=12888, stack(0x000000d035600000,0x000000d035700000)]
  0x00000246442ec000 JavaThread "Unconstrained build operations Thread 21" [_thread_blocked, id=4664, stack(0x000000d035700000,0x000000d035800000)]
  0x00000246442ea800 JavaThread "Unconstrained build operations Thread 22" [_thread_blocked, id=14524, stack(0x000000d035800000,0x000000d035900000)]
  0x00000246442ee000 JavaThread "Unconstrained build operations Thread 23" [_thread_blocked, id=23476, stack(0x000000d035900000,0x000000d035a00000)]
  0x00000246442f0800 JavaThread "Unconstrained build operations Thread 24" [_thread_blocked, id=23252, stack(0x000000d035a00000,0x000000d035b00000)]
  0x00000246442f1000 JavaThread "Unconstrained build operations Thread 25" [_thread_blocked, id=17980, stack(0x000000d035b00000,0x000000d035c00000)]
  0x00000246442eb800 JavaThread "Unconstrained build operations Thread 26" [_thread_blocked, id=23280, stack(0x000000d035c00000,0x000000d035d00000)]
  0x0000024643346000 JavaThread "Unconstrained build operations Thread 27" [_thread_blocked, id=8920, stack(0x000000d035d00000,0x000000d035e00000)]
  0x0000024643345000 JavaThread "Unconstrained build operations Thread 28" [_thread_blocked, id=16208, stack(0x000000d035e00000,0x000000d035f00000)]
  0x0000024643347000 JavaThread "Unconstrained build operations Thread 29" [_thread_blocked, id=22424, stack(0x000000d035f00000,0x000000d036000000)]
  0x0000024643347800 JavaThread "Unconstrained build operations Thread 30" [_thread_blocked, id=8788, stack(0x000000d036000000,0x000000d036100000)]
  0x0000024643344800 JavaThread "Unconstrained build operations Thread 31" [_thread_blocked, id=132, stack(0x000000d036100000,0x000000d036200000)]
  0x0000024643348800 JavaThread "Unconstrained build operations Thread 32" [_thread_blocked, id=27612, stack(0x000000d036200000,0x000000d036300000)]
  0x0000024643342800 JavaThread "Unconstrained build operations Thread 33" [_thread_blocked, id=21524, stack(0x000000d036300000,0x000000d036400000)]
  0x0000024643349000 JavaThread "Unconstrained build operations Thread 34" [_thread_blocked, id=23532, stack(0x000000d036400000,0x000000d036500000)]
  0x0000024643343800 JavaThread "Unconstrained build operations Thread 35" [_thread_blocked, id=20988, stack(0x000000d036500000,0x000000d036600000)]
  0x000002464334d800 JavaThread "Unconstrained build operations Thread 36" [_thread_blocked, id=27536, stack(0x000000d036600000,0x000000d036700000)]
  0x000002464334b800 JavaThread "Unconstrained build operations Thread 37" [_thread_blocked, id=5760, stack(0x000000d036700000,0x000000d036800000)]
  0x000002464334a000 JavaThread "Unconstrained build operations Thread 38" [_thread_blocked, id=24596, stack(0x000000d036800000,0x000000d036900000)]
  0x000002464334e000 JavaThread "Unconstrained build operations Thread 39" [_thread_blocked, id=27316, stack(0x000000d036900000,0x000000d036a00000)]
  0x000002464334f800 JavaThread "Unconstrained build operations Thread 40" [_thread_blocked, id=4068, stack(0x000000d036a00000,0x000000d036b00000)]
  0x000002464334f000 JavaThread "build event listener" [_thread_blocked, id=21280, stack(0x000000d036b00000,0x000000d036c00000)]
  0x0000024643350800 JavaThread "Memory manager" [_thread_blocked, id=23956, stack(0x000000d036c00000,0x000000d036d00000)]

Other Threads:
=>0x0000024628b0e800 VMThread "VM Thread" [stack: 0x000000d031800000,0x000000d031900000] [id=21356]
  0x000002464314d000 WatcherThread [stack: 0x000000d032200000,0x000000d032300000] [id=2636]
  0x0000024628a4e000 GCTaskThread "GC Thread#0" [stack: 0x000000d031300000,0x000000d031400000] [id=23584]
  0x000002464339e800 GCTaskThread "GC Thread#1" [stack: 0x000000d032300000,0x000000d032400000] [id=25612]
  0x0000024644fd8000 GCTaskThread "GC Thread#2" [stack: 0x000000d032600000,0x000000d032700000] [id=2912]
  0x00000246446e6000 GCTaskThread "GC Thread#3" [stack: 0x000000d032700000,0x000000d032800000] [id=13240]
  0x0000024628a7f800 ConcurrentGCThread "G1 Main Marker" [stack: 0x000000d031400000,0x000000d031500000] [id=27232]
  0x0000024628a80800 ConcurrentGCThread "G1 Conc#0" [stack: 0x000000d031500000,0x000000d031600000] [id=1000]
  0x0000024628ac5800 ConcurrentGCThread "G1 Refine#0" [stack: 0x000000d031600000,0x000000d031700000] [id=25156]
  0x0000024643807800 ConcurrentGCThread "G1 Refine#1" [stack: 0x000000d032400000,0x000000d032500000] [id=22324]
  0x0000024628ac6800 ConcurrentGCThread "G1 Young RemSet Sampling" [stack: 0x000000d031700000,0x000000d031800000] [id=19616]

Threads with active compile tasks:
C2 CompilerThread0    20116 8719       4       org.gradle.internal.instantiation.generator.AbstractClassGenerator::inspectType (560 bytes)

VM state:at safepoint (normal execution)

VM Mutex/Monitor currently owned by a thread:  ([mutex/lock_event])
[0x0000024628a32450] Threads_lock - owner thread: 0x0000024628b0e800
[0x0000024628a32690] Heap_lock - owner thread: 0x00000246445a0800

Heap address: 0x0000000080000000, size: 2048 MB, Compressed Oops mode: 32-bit
Narrow klass base: 0x0000000000000000, Narrow klass shift: 3
Compressed class space size: 1073741824 Address: 0x0000000100000000

Heap:
 garbage-first heap   total 164864K, used 79181K [0x0000000080000000, 0x0000000100000000)
  region size 1024K, 5 young (5120K), 5 survivors (5120K)
 Metaspace       used 89650K, capacity 91676K, committed 91824K, reserved 1128448K
  class space    used 11660K, capacity 12453K, committed 12544K, reserved 1048576K
Heap Regions: E=young(eden), S=young(survivor), O=old, HS=humongous(starts), HC=humongous(continues), CS=collection set, F=free, A=archive, TAMS=top-at-mark-start (previous, next)
|   0|0x0000000080000000, 0x0000000080100000, 0x0000000080100000|100%|HS|  |TAMS 0x0000000080100000, 0x0000000080000000| Complete 
|   1|0x0000000080100000, 0x0000000080200000, 0x0000000080200000|100%|HC|  |TAMS 0x0000000080200000, 0x0000000080100000| Complete 
|   2|0x0000000080200000, 0x0000000080300000, 0x0000000080300000|100%|HC|  |TAMS 0x0000000080300000, 0x0000000080200000| Complete 
|   3|0x0000000080300000, 0x0000000080400000, 0x0000000080400000|100%| O|  |TAMS 0x0000000080400000, 0x0000000080300000| Untracked 
|   4|0x0000000080400000, 0x0000000080500000, 0x0000000080500000|100%| O|  |TAMS 0x0000000080500000, 0x0000000080400000| Untracked 
|   5|0x0000000080500000, 0x0000000080600000, 0x0000000080600000|100%| O|  |TAMS 0x0000000080600000, 0x0000000080500000| Untracked 
|   6|0x0000000080600000, 0x0000000080700000, 0x0000000080700000|100%| O|  |TAMS 0x0000000080700000, 0x0000000080600000| Untracked 
|   7|0x0000000080700000, 0x0000000080800000, 0x0000000080800000|100%| O|  |TAMS 0x0000000080800000, 0x0000000080700000| Untracked 
|   8|0x0000000080800000, 0x0000000080900000, 0x0000000080900000|100%| O|  |TAMS 0x0000000080900000, 0x0000000080800000| Untracked 
|   9|0x0000000080900000, 0x0000000080a00000, 0x0000000080a00000|100%| O|  |TAMS 0x0000000080a00000, 0x0000000080900000| Untracked 
|  10|0x0000000080a00000, 0x0000000080b00000, 0x0000000080b00000|100%| O|  |TAMS 0x0000000080b00000, 0x0000000080a00000| Untracked 
|  11|0x0000000080b00000, 0x0000000080c00000, 0x0000000080c00000|100%| O|  |TAMS 0x0000000080c00000, 0x0000000080b00000| Untracked 
|  12|0x0000000080c00000, 0x0000000080d00000, 0x0000000080d00000|100%| O|  |TAMS 0x0000000080d00000, 0x0000000080c00000| Untracked 
|  13|0x0000000080d00000, 0x0000000080e00000, 0x0000000080e00000|100%| O|  |TAMS 0x0000000080e00000, 0x0000000080d00000| Untracked 
|  14|0x0000000080e00000, 0x0000000080f00000, 0x0000000080f00000|100%| O|  |TAMS 0x0000000080f00000, 0x0000000080e00000| Untracked 
|  15|0x0000000080f00000, 0x0000000081000000, 0x0000000081000000|100%| O|  |TAMS 0x0000000081000000, 0x0000000080f00000| Untracked 
|  16|0x0000000081000000, 0x0000000081100000, 0x0000000081100000|100%| O|  |TAMS 0x0000000081100000, 0x0000000081000000| Untracked 
|  17|0x0000000081100000, 0x0000000081200000, 0x0000000081200000|100%| O|  |TAMS 0x0000000081200000, 0x0000000081100000| Untracked 
|  18|0x0000000081200000, 0x0000000081300000, 0x0000000081300000|100%| O|  |TAMS 0x0000000081300000, 0x0000000081200000| Untracked 
|  19|0x0000000081300000, 0x0000000081400000, 0x0000000081400000|100%| O|  |TAMS 0x0000000081400000, 0x0000000081300000| Untracked 
|  20|0x0000000081400000, 0x0000000081500000, 0x0000000081500000|100%| O|  |TAMS 0x0000000081500000, 0x0000000081400000| Untracked 
|  21|0x0000000081500000, 0x0000000081600000, 0x0000000081600000|100%| O|  |TAMS 0x0000000081600000, 0x0000000081500000| Untracked 
|  22|0x0000000081600000, 0x0000000081700000, 0x0000000081700000|100%| O|  |TAMS 0x0000000081700000, 0x0000000081600000| Untracked 
|  23|0x0000000081700000, 0x0000000081800000, 0x0000000081800000|100%| O|  |TAMS 0x0000000081800000, 0x0000000081700000| Untracked 
|  24|0x0000000081800000, 0x0000000081900000, 0x0000000081900000|100%| O|  |TAMS 0x0000000081900000, 0x0000000081800000| Untracked 
|  25|0x0000000081900000, 0x0000000081a00000, 0x0000000081a00000|100%| O|  |TAMS 0x0000000081a00000, 0x0000000081900000| Untracked 
|  26|0x0000000081a00000, 0x0000000081b00000, 0x0000000081b00000|100%| O|  |TAMS 0x0000000081b00000, 0x0000000081a00000| Untracked 
|  27|0x0000000081b00000, 0x0000000081c00000, 0x0000000081c00000|100%| O|  |TAMS 0x0000000081c00000, 0x0000000081b00000| Untracked 
|  28|0x0000000081c00000, 0x0000000081d00000, 0x0000000081d00000|100%| O|  |TAMS 0x0000000081d00000, 0x0000000081c00000| Untracked 
|  29|0x0000000081d00000, 0x0000000081e00000, 0x0000000081e00000|100%| O|  |TAMS 0x0000000081e00000, 0x0000000081d00000| Untracked 
|  30|0x0000000081e00000, 0x0000000081f00000, 0x0000000081f00000|100%| O|  |TAMS 0x0000000081f00000, 0x0000000081e00000| Untracked 
|  31|0x0000000081f00000, 0x0000000082000000, 0x0000000082000000|100%| O|  |TAMS 0x0000000082000000, 0x0000000081f00000| Untracked 
|  32|0x0000000082000000, 0x0000000082100000, 0x0000000082100000|100%| O|  |TAMS 0x0000000082100000, 0x0000000082000000| Untracked 
|  33|0x0000000082100000, 0x0000000082200000, 0x0000000082200000|100%| O|  |TAMS 0x0000000082200000, 0x0000000082100000| Untracked 
|  34|0x0000000082200000, 0x0000000082300000, 0x0000000082300000|100%|HS|  |TAMS 0x0000000082300000, 0x0000000082200000| Complete 
|  35|0x0000000082300000, 0x0000000082400000, 0x0000000082400000|100%|HS|  |TAMS 0x0000000082400000, 0x0000000082300000| Complete 
|  36|0x0000000082400000, 0x0000000082500000, 0x0000000082500000|100%|HC|  |TAMS 0x0000000082500000, 0x0000000082400000| Complete 
|  37|0x0000000082500000, 0x0000000082600000, 0x0000000082600000|100%|HS|  |TAMS 0x0000000082600000, 0x0000000082500000| Complete 
|  38|0x0000000082600000, 0x0000000082700000, 0x0000000082700000|100%|HS|  |TAMS 0x0000000082700000, 0x0000000082600000| Complete 
|  39|0x0000000082700000, 0x0000000082800000, 0x0000000082800000|100%|HC|  |TAMS 0x0000000082800000, 0x0000000082700000| Complete 
|  40|0x0000000082800000, 0x0000000082900000, 0x0000000082900000|100%|HC|  |TAMS 0x0000000082900000, 0x0000000082800000| Complete 
|  41|0x0000000082900000, 0x0000000082a00000, 0x0000000082a00000|100%|HC|  |TAMS 0x0000000082a00000, 0x0000000082900000| Complete 
|  42|0x0000000082a00000, 0x0000000082b00000, 0x0000000082b00000|100%| O|  |TAMS 0x0000000082b00000, 0x0000000082a00000| Untracked 
|  43|0x0000000082b00000, 0x0000000082c00000, 0x0000000082c00000|100%| O|  |TAMS 0x0000000082c00000, 0x0000000082b00000| Untracked 
|  44|0x0000000082c00000, 0x0000000082d00000, 0x0000000082d00000|100%| O|  |TAMS 0x0000000082d00000, 0x0000000082c00000| Untracked 
|  45|0x0000000082d00000, 0x0000000082e00000, 0x0000000082e00000|100%| O|  |TAMS 0x0000000082e00000, 0x0000000082d00000| Untracked 
|  46|0x0000000082e00000, 0x0000000082f00000, 0x0000000082f00000|100%| O|  |TAMS 0x0000000082f00000, 0x0000000082e00000| Untracked 
|  47|0x0000000082f00000, 0x0000000083000000, 0x0000000083000000|100%| O|  |TAMS 0x0000000083000000, 0x0000000082f00000| Untracked 
|  48|0x0000000083000000, 0x0000000083100000, 0x0000000083100000|100%| O|  |TAMS 0x0000000083100000, 0x0000000083000000| Untracked 
|  49|0x0000000083100000, 0x0000000083200000, 0x0000000083200000|100%| O|  |TAMS 0x0000000083200000, 0x0000000083100000| Untracked 
|  50|0x0000000083200000, 0x0000000083300000, 0x0000000083300000|100%| O|  |TAMS 0x0000000083300000, 0x0000000083200000| Untracked 
|  51|0x0000000083300000, 0x0000000083400000, 0x0000000083400000|100%| O|  |TAMS 0x0000000083400000, 0x0000000083300000| Untracked 
|  52|0x0000000083400000, 0x0000000083500000, 0x0000000083500000|100%| O|  |TAMS 0x0000000083500000, 0x0000000083400000| Untracked 
|  53|0x0000000083500000, 0x0000000083600000, 0x0000000083600000|100%| O|  |TAMS 0x0000000083600000, 0x0000000083500000| Untracked 
|  54|0x0000000083600000, 0x0000000083700000, 0x0000000083700000|100%| O|  |TAMS 0x0000000083700000, 0x0000000083600000| Untracked 
|  55|0x0000000083700000, 0x0000000083800000, 0x0000000083800000|100%| O|  |TAMS 0x0000000083800000, 0x0000000083700000| Untracked 
|  56|0x0000000083800000, 0x0000000083900000, 0x0000000083900000|100%| O|  |TAMS 0x0000000083900000, 0x0000000083800000| Untracked 
|  57|0x0000000083900000, 0x0000000083a00000, 0x0000000083a00000|100%| O|  |TAMS 0x0000000083a00000, 0x0000000083900000| Untracked 
|  58|0x0000000083a00000, 0x0000000083b00000, 0x0000000083b00000|100%| O|  |TAMS 0x0000000083b00000, 0x0000000083a00000| Untracked 
|  59|0x0000000083b00000, 0x0000000083c00000, 0x0000000083c00000|100%| O|  |TAMS 0x0000000083c00000, 0x0000000083b00000| Untracked 
|  60|0x0000000083c00000, 0x0000000083d00000, 0x0000000083d00000|100%| O|  |TAMS 0x0000000083d00000, 0x0000000083c00000| Untracked 
|  61|0x0000000083d00000, 0x0000000083e00000, 0x0000000083e00000|100%| O|  |TAMS 0x0000000083e00000, 0x0000000083d00000| Untracked 
|  62|0x0000000083e00000, 0x0000000083f00000, 0x0000000083f00000|100%| O|  |TAMS 0x0000000083f00000, 0x0000000083e00000| Untracked 
|  63|0x0000000083f00000, 0x0000000084000000, 0x0000000084000000|100%| O|  |TAMS 0x0000000084000000, 0x0000000083f00000| Untracked 
|  64|0x0000000084000000, 0x0000000084100000, 0x0000000084100000|100%| O|  |TAMS 0x0000000084100000, 0x0000000084000000| Untracked 
|  65|0x0000000084100000, 0x0000000084200000, 0x0000000084200000|100%| O|  |TAMS 0x0000000084200000, 0x0000000084100000| Untracked 
|  66|0x0000000084200000, 0x0000000084300000, 0x0000000084300000|100%| O|  |TAMS 0x0000000084300000, 0x0000000084200000| Untracked 
|  67|0x0000000084300000, 0x0000000084400000, 0x0000000084400000|100%| O|  |TAMS 0x0000000084400000, 0x0000000084300000| Untracked 
|  68|0x0000000084400000, 0x0000000084500000, 0x0000000084500000|100%| O|  |TAMS 0x0000000084500000, 0x0000000084400000| Untracked 
|  69|0x0000000084500000, 0x0000000084600000, 0x0000000084600000|100%| O|  |TAMS 0x00000000845fac00, 0x0000000084500000| Untracked 
|  70|0x0000000084600000, 0x0000000084700000, 0x0000000084700000|100%| O|  |TAMS 0x0000000084600000, 0x0000000084600000| Untracked 
|  71|0x0000000084700000, 0x0000000084800000, 0x0000000084800000|100%| O|  |TAMS 0x0000000084700000, 0x0000000084700000| Untracked 
|  72|0x0000000084800000, 0x0000000084857200, 0x0000000084900000| 34%| O|  |TAMS 0x0000000084800000, 0x0000000084800000| Untracked 
|  73|0x0000000084900000, 0x0000000084900000, 0x0000000084a00000|  0%| F|  |TAMS 0x0000000084900000, 0x0000000084900000| Untracked 
|  74|0x0000000084a00000, 0x0000000084a00000, 0x0000000084b00000|  0%| F|  |TAMS 0x0000000084a00000, 0x0000000084a00000| Untracked 
|  75|0x0000000084b00000, 0x0000000084b00000, 0x0000000084c00000|  0%| F|  |TAMS 0x0000000084b00000, 0x0000000084b00000| Untracked 
|  76|0x0000000084c00000, 0x0000000084c00000, 0x0000000084d00000|  0%| F|  |TAMS 0x0000000084c00000, 0x0000000084c00000| Untracked 
|  77|0x0000000084d00000, 0x0000000084d00000, 0x0000000084e00000|  0%| F|  |TAMS 0x0000000084d00000, 0x0000000084d00000| Untracked 
|  78|0x0000000084e00000, 0x0000000084e00000, 0x0000000084f00000|  0%| F|  |TAMS 0x0000000084e00000, 0x0000000084e00000| Untracked 
|  79|0x0000000084f00000, 0x0000000084f00000, 0x0000000085000000|  0%| F|  |TAMS 0x0000000084f00000, 0x0000000084f00000| Untracked 
|  80|0x0000000085000000, 0x0000000085000000, 0x0000000085100000|  0%| F|  |TAMS 0x0000000085000000, 0x0000000085000000| Untracked 
|  81|0x0000000085100000, 0x0000000085100000, 0x0000000085200000|  0%| F|  |TAMS 0x0000000085100000, 0x0000000085100000| Untracked 
|  82|0x0000000085200000, 0x0000000085200000, 0x0000000085300000|  0%| F|  |TAMS 0x0000000085200000, 0x0000000085200000| Untracked 
|  83|0x0000000085300000, 0x0000000085300000, 0x0000000085400000|  0%| F|  |TAMS 0x0000000085300000, 0x0000000085300000| Untracked 
|  84|0x0000000085400000, 0x0000000085400000, 0x0000000085500000|  0%| F|  |TAMS 0x0000000085400000, 0x0000000085400000| Untracked 
|  85|0x0000000085500000, 0x0000000085500000, 0x0000000085600000|  0%| F|  |TAMS 0x0000000085500000, 0x0000000085500000| Untracked 
|  86|0x0000000085600000, 0x0000000085600000, 0x0000000085700000|  0%| F|  |TAMS 0x0000000085600000, 0x0000000085600000| Untracked 
|  87|0x0000000085700000, 0x0000000085700000, 0x0000000085800000|  0%| F|  |TAMS 0x0000000085700000, 0x0000000085700000| Untracked 
|  88|0x0000000085800000, 0x0000000085800000, 0x0000000085900000|  0%| F|  |TAMS 0x0000000085800000, 0x0000000085800000| Untracked 
|  89|0x0000000085900000, 0x0000000085900000, 0x0000000085a00000|  0%| F|  |TAMS 0x0000000085900000, 0x0000000085900000| Untracked 
|  90|0x0000000085a00000, 0x0000000085a00000, 0x0000000085b00000|  0%| F|  |TAMS 0x0000000085a00000, 0x0000000085a00000| Untracked 
|  91|0x0000000085b00000, 0x0000000085bfc3f0, 0x0000000085c00000| 98%| S|CS|TAMS 0x0000000085b00000, 0x0000000085b00000| Complete 
|  92|0x0000000085c00000, 0x0000000085d00000, 0x0000000085d00000|100%| S|CS|TAMS 0x0000000085c00000, 0x0000000085c00000| Complete 
|  93|0x0000000085d00000, 0x0000000085e00000, 0x0000000085e00000|100%| S|CS|TAMS 0x0000000085d00000, 0x0000000085d00000| Complete 
|  94|0x0000000085e00000, 0x0000000085f00000, 0x0000000085f00000|100%| S|CS|TAMS 0x0000000085e00000, 0x0000000085e00000| Complete 
|  95|0x0000000085f00000, 0x0000000086000000, 0x0000000086000000|100%| S|CS|TAMS 0x0000000085f00000, 0x0000000085f00000| Complete 
|  96|0x0000000086000000, 0x0000000086000000, 0x0000000086100000|  0%| F|  |TAMS 0x0000000086000000, 0x0000000086000000| Untracked 
|  97|0x0000000086100000, 0x0000000086100000, 0x0000000086200000|  0%| F|  |TAMS 0x0000000086100000, 0x0000000086100000| Untracked 
|  98|0x0000000086200000, 0x0000000086200000, 0x0000000086300000|  0%| F|  |TAMS 0x0000000086200000, 0x0000000086200000| Untracked 
|  99|0x0000000086300000, 0x0000000086300000, 0x0000000086400000|  0%| F|  |TAMS 0x0000000086300000, 0x0000000086300000| Untracked 
| 100|0x0000000086400000, 0x0000000086400000, 0x0000000086500000|  0%| F|  |TAMS 0x0000000086400000, 0x0000000086400000| Untracked 
| 101|0x0000000086500000, 0x0000000086500000, 0x0000000086600000|  0%| F|  |TAMS 0x0000000086500000, 0x0000000086500000| Untracked 
| 102|0x0000000086600000, 0x0000000086600000, 0x0000000086700000|  0%| F|  |TAMS 0x0000000086600000, 0x0000000086600000| Untracked 
| 103|0x0000000086700000, 0x0000000086700000, 0x0000000086800000|  0%| F|  |TAMS 0x0000000086700000, 0x0000000086700000| Untracked 
| 104|0x0000000086800000, 0x0000000086800000, 0x0000000086900000|  0%| F|  |TAMS 0x0000000086800000, 0x0000000086800000| Untracked 
| 105|0x0000000086900000, 0x0000000086900000, 0x0000000086a00000|  0%| F|  |TAMS 0x0000000086900000, 0x0000000086900000| Untracked 
| 106|0x0000000086a00000, 0x0000000086a00000, 0x0000000086b00000|  0%| F|  |TAMS 0x0000000086a00000, 0x0000000086a00000| Untracked 
| 107|0x0000000086b00000, 0x0000000086b00000, 0x0000000086c00000|  0%| F|  |TAMS 0x0000000086b00000, 0x0000000086b00000| Untracked 
| 108|0x0000000086c00000, 0x0000000086c00000, 0x0000000086d00000|  0%| F|  |TAMS 0x0000000086c00000, 0x0000000086c00000| Untracked 
| 109|0x0000000086d00000, 0x0000000086d00000, 0x0000000086e00000|  0%| F|  |TAMS 0x0000000086d00000, 0x0000000086d00000| Untracked 
| 110|0x0000000086e00000, 0x0000000086e00000, 0x0000000086f00000|  0%| F|  |TAMS 0x0000000086e00000, 0x0000000086e00000| Untracked 
| 111|0x0000000086f00000, 0x0000000086f00000, 0x0000000087000000|  0%| F|  |TAMS 0x0000000086f00000, 0x0000000086f00000| Untracked 
| 112|0x0000000087000000, 0x0000000087000000, 0x0000000087100000|  0%| F|  |TAMS 0x0000000087000000, 0x0000000087000000| Untracked 
| 113|0x0000000087100000, 0x0000000087100000, 0x0000000087200000|  0%| F|  |TAMS 0x0000000087100000, 0x0000000087100000| Untracked 
| 114|0x0000000087200000, 0x0000000087200000, 0x0000000087300000|  0%| F|  |TAMS 0x0000000087200000, 0x0000000087200000| Untracked 
| 115|0x0000000087300000, 0x0000000087300000, 0x0000000087400000|  0%| F|  |TAMS 0x0000000087300000, 0x0000000087300000| Untracked 
| 116|0x0000000087400000, 0x0000000087400000, 0x0000000087500000|  0%| F|  |TAMS 0x0000000087400000, 0x0000000087400000| Untracked 
| 117|0x0000000087500000, 0x0000000087500000, 0x0000000087600000|  0%| F|  |TAMS 0x0000000087500000, 0x0000000087500000| Untracked 
| 118|0x0000000087600000, 0x0000000087600000, 0x0000000087700000|  0%| F|  |TAMS 0x0000000087600000, 0x0000000087600000| Untracked 
| 119|0x0000000087700000, 0x0000000087700000, 0x0000000087800000|  0%| F|  |TAMS 0x0000000087700000, 0x0000000087700000| Untracked 
| 120|0x0000000087800000, 0x0000000087800000, 0x0000000087900000|  0%| F|  |TAMS 0x0000000087800000, 0x0000000087800000| Untracked 
| 121|0x0000000087900000, 0x0000000087900000, 0x0000000087a00000|  0%| F|  |TAMS 0x0000000087900000, 0x0000000087900000| Untracked 
| 122|0x0000000087a00000, 0x0000000087a00000, 0x0000000087b00000|  0%| F|  |TAMS 0x0000000087a00000, 0x0000000087a00000| Untracked 
| 123|0x0000000087b00000, 0x0000000087b00000, 0x0000000087c00000|  0%| F|  |TAMS 0x0000000087b00000, 0x0000000087b00000| Untracked 
| 124|0x0000000087c00000, 0x0000000087c00000, 0x0000000087d00000|  0%| F|  |TAMS 0x0000000087c00000, 0x0000000087c00000| Untracked 
| 125|0x0000000087d00000, 0x0000000087d00000, 0x0000000087e00000|  0%| F|  |TAMS 0x0000000087d00000, 0x0000000087d00000| Untracked 
| 126|0x0000000087e00000, 0x0000000087e00000, 0x0000000087f00000|  0%| F|  |TAMS 0x0000000087e00000, 0x0000000087e00000| Untracked 
| 127|0x0000000087f00000, 0x0000000087f00000, 0x0000000088000000|  0%| F|  |TAMS 0x0000000087f00000, 0x0000000087f00000| Untracked 
| 128|0x0000000088000000, 0x0000000088000000, 0x0000000088100000|  0%| F|  |TAMS 0x0000000088000000, 0x0000000088000000| Untracked 
| 129|0x0000000088100000, 0x0000000088100000, 0x0000000088200000|  0%| F|  |TAMS 0x0000000088100000, 0x0000000088100000| Untracked 
| 130|0x0000000088200000, 0x0000000088200000, 0x0000000088300000|  0%| F|  |TAMS 0x0000000088200000, 0x0000000088200000| Untracked 
| 131|0x0000000088300000, 0x0000000088300000, 0x0000000088400000|  0%| F|  |TAMS 0x0000000088300000, 0x0000000088300000| Untracked 
| 132|0x0000000088400000, 0x0000000088400000, 0x0000000088500000|  0%| F|  |TAMS 0x0000000088400000, 0x0000000088400000| Untracked 
| 133|0x0000000088500000, 0x0000000088500000, 0x0000000088600000|  0%| F|  |TAMS 0x0000000088500000, 0x0000000088500000| Untracked 

Card table byte_map: [0x000002463b960000,0x000002463bd60000] _byte_map_base: 0x000002463b560000

Marking Bits (Prev, Next): (CMBitMap*) 0x0000024628a767a0, (CMBitMap*) 0x0000024628a76768
 Prev Bits: [0x000002463e160000, 0x0000024640160000)
 Next Bits: [0x000002463c160000, 0x000002463e160000)

Polling page: 0x00000246268f0000

Metaspace:

Usage:
  Non-class:     77.37 MB capacity,    76.16 MB ( 98%) used,   993.97 KB (  1%) free+waste,   238.81 KB ( <1%) overhead. 
      Class:     12.16 MB capacity,    11.39 MB ( 94%) used,   682.96 KB (  5%) free+waste,   109.94 KB ( <1%) overhead. 
       Both:     89.53 MB capacity,    87.55 MB ( 98%) used,     1.64 MB (  2%) free+waste,   348.75 KB ( <1%) overhead. 

Virtual space:
  Non-class space:       78.00 MB reserved,      77.42 MB (>99%) committed 
      Class space:        1.00 GB reserved,      12.25 MB (  1%) committed 
             Both:        1.08 GB reserved,      89.67 MB (  8%) committed 

Chunk freelists:
   Non-Class:  57.00 KB
       Class:  27.00 KB
        Both:  84.00 KB

MaxMetaspaceSize: 17179869184.00 GB
CompressedClassSpaceSize: 1.00 GB
Initial GC threshold: 20.80 MB
Current GC threshold: 146.54 MB
CDS: off

CodeHeap 'non-profiled nmethods': size=120064Kb used=4425Kb max_used=4425Kb free=115638Kb
 bounds [0x0000024634020000, 0x0000024634480000, 0x000002463b560000]
CodeHeap 'profiled nmethods': size=120000Kb used=18064Kb max_used=18064Kb free=101935Kb
 bounds [0x000002462caf0000, 0x000002462dca0000, 0x0000024634020000]
CodeHeap 'non-nmethods': size=5696Kb used=2400Kb max_used=2442Kb free=3295Kb
 bounds [0x000002462c560000, 0x000002462c7d0000, 0x000002462caf0000]
 total_blobs=9798 nmethods=8872 adapters=837
 compilation: enabled
              stopped_count=0, restarted_count=0
 full_count=0

Compilation events (20 events):
Event: 20.020 Thread 0x000002464266a000 8985       2       org.gradle.internal.instantiation.generator.AsmBackedClassGenerator$ClassBuilderImpl::paramTypesOf (73 bytes)
Event: 20.021 Thread 0x000002464266a000 nmethod 8985 0x000002462dc90210 code [0x000002462dc90420, 0x000002462dc90908]
Event: 20.021 Thread 0x000002464266a000 8984       2       org.gradle.internal.instantiation.generator.AsmBackedClassGenerator$ClassBuilderImpl::addConstructor (93 bytes)
Event: 20.022 Thread 0x000002464266a000 nmethod 8984 0x000002462dc90c90 code [0x000002462dc90ec0, 0x000002462dc912a8]
Event: 20.022 Thread 0x000002464266a000 8986       2       org.gradle.api.internal.file.CompositeFileCollection::<init> (5 bytes)
Event: 20.022 Thread 0x000002464266a000 nmethod 8986 0x000002462dc91510 code [0x000002462dc916c0, 0x000002462dc91818]
Event: 20.032 Thread 0x000002464266a000 8987       2       org.gradle.internal.instantiation.generator.AbstractClassGenerator::visitFields (44 bytes)
Event: 20.032 Thread 0x000002464266a000 nmethod 8987 0x000002462dc91890 code [0x000002462dc91a80, 0x000002462dc91cc8]
Event: 20.038 Thread 0x000002464266a000 8988       2       org.gradle.internal.instantiation.generator.AsmBackedClassGenerator$ClassBuilderImpl::mixInConventionAware (42 bytes)
Event: 20.039 Thread 0x000002464266a000 nmethod 8988 0x000002462dc91e10 code [0x000002462dc92000, 0x000002462dc923d8]
Event: 20.039 Thread 0x000002464266a000 8989       2       org.gradle.internal.instantiation.generator.AsmBackedClassGenerator$ClassBuilderImpl$$Lambda$141/0x0000000100315840::get$Lambda (9 bytes)
Event: 20.039 Thread 0x000002464266a000 nmethod 8989 0x000002462dc92690 code [0x000002462dc92840, 0x000002462dc929b8]
Event: 20.039 Thread 0x000002464266a000 8990       2       org.gradle.internal.instantiation.generator.AsmBackedClassGenerator$ClassBuilderImpl$$Lambda$141/0x0000000100315840::emit (9 bytes)
Event: 20.039 Thread 0x000002464266a000 nmethod 8990 0x000002462dc92a90 code [0x000002462dc92c40, 0x000002462dc92dc8]
Event: 20.048 Thread 0x000002464266a000 8991       2       org.gradle.api.internal.file.collections.UnpackingVisitor::<init> (12 bytes)
Event: 20.048 Thread 0x000002464266a000 nmethod 8991 0x000002462dc92f10 code [0x000002462dc930c0, 0x000002462dc93338]
Event: 20.054 Thread 0x000002464266a000 8992   !   2       jdk.internal.reflect.GeneratedConstructorAccessor43::newInstance (53 bytes)
Event: 20.055 Thread 0x000002464266a000 nmethod 8992 0x000002462dc93410 code [0x000002462dc93640, 0x000002462dc93ba8]
Event: 20.055 Thread 0x000002464266a000 8993       2       org.gradle.model.internal.asm.MethodVisitorScope::_ICONST_0 (6 bytes)
Event: 20.055 Thread 0x000002464266a000 nmethod 8993 0x000002462dc93f90 code [0x000002462dc94140, 0x000002462dc94268]

GC Heap History (20 events):
Event: 15.345 GC heap after
{Heap after GC invocations=46 (full 0):
 garbage-first heap   total 94208K, used 62230K [0x0000000080000000, 0x0000000100000000)
  region size 1024K, 2 young (2048K), 2 survivors (2048K)
 Metaspace       used 68635K, capacity 70219K, committed 70448K, reserved 1110016K
  class space    used 8672K, capacity 9290K, committed 9344K, reserved 1048576K
}
Event: 15.505 GC heap before
{Heap before GC invocations=46 (full 0):
 garbage-first heap   total 94208K, used 73494K [0x0000000080000000, 0x0000000100000000)
  region size 1024K, 15 young (15360K), 2 survivors (2048K)
 Metaspace       used 69769K, capacity 71368K, committed 71600K, reserved 1112064K
  class space    used 8829K, capacity 9457K, committed 9472K, reserved 1048576K
}
Event: 15.512 GC heap after
{Heap after GC invocations=47 (full 0):
 garbage-first heap   total 113664K, used 63141K [0x0000000080000000, 0x0000000100000000)
  region size 1024K, 2 young (2048K), 2 survivors (2048K)
 Metaspace       used 69769K, capacity 71368K, committed 71600K, reserved 1112064K
  class space    used 8829K, capacity 9457K, committed 9472K, reserved 1048576K
}
Event: 16.029 GC heap before
{Heap before GC invocations=48 (full 0):
 garbage-first heap   total 113664K, used 85669K [0x0000000080000000, 0x0000000100000000)
  region size 1024K, 23 young (23552K), 2 survivors (2048K)
 Metaspace       used 71787K, capacity 73402K, committed 73520K, reserved 1114112K
  class space    used 9095K, capacity 9744K, committed 9856K, reserved 1048576K
}
Event: 16.032 GC heap after
{Heap after GC invocations=49 (full 0):
 garbage-first heap   total 113664K, used 63515K [0x0000000080000000, 0x0000000100000000)
  region size 1024K, 2 young (2048K), 2 survivors (2048K)
 Metaspace       used 71787K, capacity 73402K, committed 73520K, reserved 1114112K
  class space    used 9095K, capacity 9744K, committed 9856K, reserved 1048576K
}
Event: 16.473 GC heap before
{Heap before GC invocations=49 (full 0):
 garbage-first heap   total 113664K, used 86043K [0x0000000080000000, 0x0000000100000000)
  region size 1024K, 24 young (24576K), 2 survivors (2048K)
 Metaspace       used 73507K, capacity 75150K, committed 75184K, reserved 1114112K
  class space    used 9302K, capacity 9979K, committed 9984K, reserved 1048576K
}
Event: 16.480 GC heap after
{Heap after GC invocations=50 (full 0):
 garbage-first heap   total 113664K, used 64834K [0x0000000080000000, 0x0000000100000000)
  region size 1024K, 3 young (3072K), 3 survivors (3072K)
 Metaspace       used 73507K, capacity 75150K, committed 75184K, reserved 1114112K
  class space    used 9302K, capacity 9979K, committed 9984K, reserved 1048576K
}
Event: 16.643 GC heap before
{Heap before GC invocations=51 (full 0):
 garbage-first heap   total 113664K, used 88386K [0x0000000080000000, 0x0000000100000000)
  region size 1024K, 26 young (26624K), 3 survivors (3072K)
 Metaspace       used 73607K, capacity 75320K, committed 75568K, reserved 1114112K
  class space    used 9320K, capacity 10016K, committed 10112K, reserved 1048576K
}
Event: 16.648 GC heap after
{Heap after GC invocations=52 (full 0):
 garbage-first heap   total 113664K, used 66602K [0x0000000080000000, 0x0000000100000000)
  region size 1024K, 4 young (4096K), 4 survivors (4096K)
 Metaspace       used 73607K, capacity 75320K, committed 75568K, reserved 1114112K
  class space    used 9320K, capacity 10016K, committed 10112K, reserved 1048576K
}
Event: 16.838 GC heap before
{Heap before GC invocations=52 (full 0):
 garbage-first heap   total 113664K, used 89130K [0x0000000080000000, 0x0000000100000000)
  region size 1024K, 26 young (26624K), 4 survivors (4096K)
 Metaspace       used 74304K, capacity 76027K, committed 76080K, reserved 1116160K
  class space    used 9399K, capacity 10081K, committed 10112K, reserved 1048576K
}
Event: 16.844 GC heap after
{Heap after GC invocations=53 (full 0):
 garbage-first heap   total 113664K, used 68403K [0x0000000080000000, 0x0000000100000000)
  region size 1024K, 4 young (4096K), 4 survivors (4096K)
 Metaspace       used 74304K, capacity 76027K, committed 76080K, reserved 1116160K
  class space    used 9399K, capacity 10081K, committed 10112K, reserved 1048576K
}
Event: 17.317 GC heap before
{Heap before GC invocations=54 (full 0):
 garbage-first heap   total 113664K, used 90931K [0x0000000080000000, 0x0000000100000000)
  region size 1024K, 26 young (26624K), 4 survivors (4096K)
 Metaspace       used 76817K, capacity 78494K, committed 78640K, reserved 1118208K
  class space    used 9820K, capacity 10498K, committed 10624K, reserved 1048576K
}
Event: 17.326 GC heap after
{Heap after GC invocations=55 (full 0):
 garbage-first heap   total 137216K, used 69662K [0x0000000080000000, 0x0000000100000000)
  region size 1024K, 3 young (3072K), 3 survivors (3072K)
 Metaspace       used 76817K, capacity 78494K, committed 78640K, reserved 1118208K
  class space    used 9820K, capacity 10498K, committed 10624K, reserved 1048576K
}
Event: 18.038 GC heap before
{Heap before GC invocations=55 (full 0):
 garbage-first heap   total 137216K, used 104478K [0x0000000080000000, 0x0000000100000000)
  region size 1024K, 37 young (37888K), 3 survivors (3072K)
 Metaspace       used 80367K, capacity 82063K, committed 82224K, reserved 1120256K
  class space    used 10396K, capacity 11077K, committed 11136K, reserved 1048576K
}
Event: 18.047 GC heap after
{Heap after GC invocations=56 (full 0):
 garbage-first heap   total 137216K, used 71781K [0x0000000080000000, 0x0000000100000000)
  region size 1024K, 4 young (4096K), 4 survivors (4096K)
 Metaspace       used 80367K, capacity 82063K, committed 82224K, reserved 1120256K
  class space    used 10396K, capacity 11077K, committed 11136K, reserved 1048576K
}
Event: 18.937 GC heap before
{Heap before GC invocations=57 (full 0):
 garbage-first heap   total 137216K, used 106597K [0x0000000080000000, 0x0000000100000000)
  region size 1024K, 38 young (38912K), 4 survivors (4096K)
 Metaspace       used 83203K, capacity 85196K, committed 85296K, reserved 1122304K
  class space    used 10798K, capacity 11576K, committed 11648K, reserved 1048576K
}
Event: 18.945 GC heap after
{Heap after GC invocations=58 (full 0):
 garbage-first heap   total 137216K, used 74299K [0x0000000080000000, 0x0000000100000000)
  region size 1024K, 5 young (5120K), 5 survivors (5120K)
 Metaspace       used 83203K, capacity 85196K, committed 85296K, reserved 1122304K
  class space    used 10798K, capacity 11576K, committed 11648K, reserved 1048576K
}
Event: 19.494 GC heap before
{Heap before GC invocations=58 (full 0):
 garbage-first heap   total 137216K, used 109115K [0x0000000080000000, 0x0000000100000000)
  region size 1024K, 39 young (39936K), 5 survivors (5120K)
 Metaspace       used 87441K, capacity 89409K, committed 89648K, reserved 1126400K
  class space    used 11381K, capacity 12152K, committed 12160K, reserved 1048576K
}
Event: 19.502 GC heap after
{Heap after GC invocations=59 (full 0):
 garbage-first heap   total 137216K, used 76356K [0x0000000080000000, 0x0000000100000000)
  region size 1024K, 5 young (5120K), 5 survivors (5120K)
 Metaspace       used 87441K, capacity 89409K, committed 89648K, reserved 1126400K
  class space    used 11381K, capacity 12152K, committed 12160K, reserved 1048576K
}
Event: 20.058 GC heap before
{Heap before GC invocations=60 (full 0):
 garbage-first heap   total 137216K, used 111172K [0x0000000080000000, 0x0000000100000000)
  region size 1024K, 39 young (39936K), 5 survivors (5120K)
 Metaspace       used 89650K, capacity 91676K, committed 91824K, reserved 1128448K
  class space    used 11660K, capacity 12453K, committed 12544K, reserved 1048576K
}

Deoptimization events (20 events):
Event: 19.412 Thread 0x00000246445a0800 DEOPT PACKING pc=0x000002463428af90 sp=0x000000d032df94e0
Event: 19.412 Thread 0x00000246445a0800 DEOPT UNPACKING pc=0x000002462c5aa1af sp=0x000000d032df9300 mode 2
Event: 19.704 Thread 0x00000246445a0800 DEOPT PACKING pc=0x000002462d7ff956 sp=0x000000d032df7e10
Event: 19.704 Thread 0x00000246445a0800 DEOPT UNPACKING pc=0x000002462c5aa95e sp=0x000000d032df73b0 mode 0
Event: 19.744 Thread 0x00000246445a0800 Uncommon trap: trap_request=0xffffff4d fr.pc=0x0000024634275f88 relative=0x0000000000000708
Event: 19.744 Thread 0x00000246445a0800 Uncommon trap: reason=unstable_if action=reinterpret pc=0x0000024634275f88 method=java.util.HashMap.putVal(ILjava/lang/Object;Ljava/lang/Object;ZZ)Ljava/lang/Object; @ 109 c2
Event: 19.744 Thread 0x00000246445a0800 DEOPT PACKING pc=0x0000024634275f88 sp=0x000000d032df7aa0
Event: 19.744 Thread 0x00000246445a0800 DEOPT UNPACKING pc=0x000002462c5aa1af sp=0x000000d032df79b8 mode 2
Event: 19.744 Thread 0x00000246445a0800 Uncommon trap: trap_request=0xffffff4d fr.pc=0x000002463412ae60 relative=0x0000000000000680
Event: 19.744 Thread 0x00000246445a0800 Uncommon trap: reason=unstable_if action=reinterpret pc=0x000002463412ae60 method=java.util.HashMap.putVal(ILjava/lang/Object;Ljava/lang/Object;ZZ)Ljava/lang/Object; @ 109 c2
Event: 19.744 Thread 0x00000246445a0800 DEOPT PACKING pc=0x000002463412ae60 sp=0x000000d032df79f0
Event: 19.744 Thread 0x00000246445a0800 DEOPT UNPACKING pc=0x000002462c5aa1af sp=0x000000d032df79a8 mode 2
Event: 19.754 Thread 0x00000246445a0800 DEOPT PACKING pc=0x000002462d8000ec sp=0x000000d032df6f70
Event: 19.754 Thread 0x00000246445a0800 DEOPT UNPACKING pc=0x000002462c5aa95e sp=0x000000d032df6510 mode 0
Event: 19.844 Thread 0x00000246445a0800 DEOPT PACKING pc=0x000002462da33ec7 sp=0x000000d032df76d0
Event: 19.844 Thread 0x00000246445a0800 DEOPT UNPACKING pc=0x000002462c5aa95e sp=0x000000d032df6c28 mode 0
Event: 19.967 Thread 0x00000246445a0800 DEOPT PACKING pc=0x000002462d7ff956 sp=0x000000d032df92a0
Event: 19.967 Thread 0x00000246445a0800 DEOPT UNPACKING pc=0x000002462c5aa95e sp=0x000000d032df8840 mode 0
Event: 20.037 Thread 0x00000246445a0800 DEOPT PACKING pc=0x000002462d7ff956 sp=0x000000d032df9310
Event: 20.037 Thread 0x00000246445a0800 DEOPT UNPACKING pc=0x000002462c5aa95e sp=0x000000d032df88b0 mode 0

Classes redefined (0 events):
No events

Internal exceptions (20 events):
Event: 17.915 Thread 0x00000246445a0800 Exception <a 'java/lang/ClassNotFoundException'{0x0000000086b086a8}: com/android/build/gradle/internal/api/BaseVariantOutputImplBeanInfo> (0x0000000086b086a8) thrown at [src/hotspot/share/classfile/systemDictionary.cpp, line 230]
Event: 17.915 Thread 0x00000246445a0800 Exception <a 'java/lang/ClassNotFoundException'{0x0000000086b25c28}: com/android/build/gradle/internal/api/BaseVariantOutputImplCustomizer> (0x0000000086b25c28) thrown at [src/hotspot/share/classfile/systemDictionary.cpp, line 230]
Event: 17.916 Thread 0x00000246445a0800 Exception <a 'java/lang/ClassNotFoundException'{0x0000000086b55578}: com/android/build/gradle/internal/api/ApkVariantOutputImplCustomizer> (0x0000000086b55578) thrown at [src/hotspot/share/classfile/systemDictionary.cpp, line 230]
Event: 17.917 Thread 0x00000246445a0800 Exception <a 'java/lang/ClassNotFoundException'{0x0000000086b81a08}: com/android/build/gradle/internal/api/ApkVariantOutputImpl_DecoratedCustomizer> (0x0000000086b81a08) thrown at [src/hotspot/share/classfile/systemDictionary.cpp, line 230]
Event: 17.997 Thread 0x00000246445a0800 Exception <a 'java/lang/ClassNotFoundException'{0x0000000086642c08}: com/android/build/gradle/internal/api/ReadOnlyBuildTypeBeanInfo> (0x0000000086642c08) thrown at [src/hotspot/share/classfile/systemDictionary.cpp, line 230]
Event: 17.998 Thread 0x00000246445a0800 Exception <a 'java/lang/ClassNotFoundException'{0x00000000866601a0}: com/android/build/gradle/internal/api/ReadOnlyBaseConfigBeanInfo> (0x00000000866601a0) thrown at [src/hotspot/share/classfile/systemDictionary.cpp, line 230]
Event: 17.998 Thread 0x00000246445a0800 Exception <a 'java/lang/ClassNotFoundException'{0x000000008667e038}: com/android/build/gradle/internal/api/ReadOnlyBaseConfigCustomizer> (0x000000008667e038) thrown at [src/hotspot/share/classfile/systemDictionary.cpp, line 230]
Event: 17.999 Thread 0x00000246445a0800 Exception <a 'java/lang/ClassNotFoundException'{0x00000000866abf58}: com/android/build/gradle/internal/api/ReadOnlyBuildTypeCustomizer> (0x00000000866abf58) thrown at [src/hotspot/share/classfile/systemDictionary.cpp, line 230]
Event: 18.240 Thread 0x00000246445a0800 Implicit null exception at 0x00000246344010a4 to 0x0000024634401238
Event: 18.240 Thread 0x00000246445a0800 Implicit null exception at 0x00000246343fdd5b to 0x00000246343fddec
Event: 18.575 Thread 0x00000246445a0800 Exception <a 'java/lang/NoSuchMethodError'{0x0000000086dc17f0}: 'java.lang.Object java.lang.invoke.DirectMethodHandle$Holder.invokeStatic(java.lang.Object, java.lang.Object, java.lang.Object, java.lang.Object, java.lang.Object, java.lang.Object, int)'> (0x0000000086dc17f0) thrown at [src/hotspot/share/interpreter/linkResolver.cpp, line 773]
Event: 18.576 Thread 0x00000246445a0800 Exception <a 'java/lang/NoSuchMethodError'{0x0000000086dd9140}: 'java.lang.Object java.lang.invoke.DirectMethodHandle$Holder.invokeStatic(java.lang.Object, java.lang.Object, java.lang.Object, java.lang.Object, java.lang.Object, java.lang.Object, int, int)'> (0x0000000086dd9140) thrown at [src/hotspot/share/interpreter/linkResolver.cpp, line 773]
Event: 18.577 Thread 0x00000246445a0800 Exception <a 'java/lang/NoSuchMethodError'{0x0000000086df16f8}: 'java.lang.Object java.lang.invoke.DirectMethodHandle$Holder.invokeStatic(java.lang.Object, java.lang.Object, java.lang.Object, java.lang.Object, java.lang.Object, java.lang.Object, int, int, java.lang.Object)'> (0x0000000086df16f8) thrown at [src/hotspot/share/interpreter/linkResolver.cpp, line 773]
Event: 18.975 Thread 0x00000246445a0800 Exception <a 'sun/nio/fs/WindowsException'{0x0000000088422038}> (0x0000000088422038) thrown at [src/hotspot/share/prims/jni.cpp, line 617]
Event: 19.122 Thread 0x00000246445a0800 Exception <a 'java/lang/NullPointerException'{0x0000000087aed200}> (0x0000000087aed200) thrown at [src/hotspot/share/interpreter/linkResolver.cpp, line 1440]
Event: 19.422 Thread 0x00000246445a0800 Exception <a 'sun/nio/fs/WindowsException'{0x00000000867debd8}> (0x00000000867debd8) thrown at [src/hotspot/share/prims/jni.cpp, line 617]
Event: 19.422 Thread 0x00000246445a0800 Exception <a 'sun/nio/fs/WindowsException'{0x00000000867dfe68}> (0x00000000867dfe68) thrown at [src/hotspot/share/prims/jni.cpp, line 617]
Event: 19.422 Thread 0x00000246445a0800 Exception <a 'sun/nio/fs/WindowsException'{0x00000000867e1188}> (0x00000000867e1188) thrown at [src/hotspot/share/prims/jni.cpp, line 617]
Event: 19.423 Thread 0x00000246445a0800 Exception <a 'sun/nio/fs/WindowsException'{0x00000000867e24a8}> (0x00000000867e24a8) thrown at [src/hotspot/share/prims/jni.cpp, line 617]
Event: 19.765 Thread 0x00000246445a0800 Exception <a 'java/lang/NoSuchMethodError'{0x00000000879fade0}: 'java.lang.Object java.lang.invoke.Invokers$Holder.linkToTargetMethod(java.lang.Object, int, java.lang.Object)'> (0x00000000879fade0) thrown at [src/hotspot/share/interpreter/linkResolver.cpp, line 773]

Events (20 events):
Event: 20.030 loading class com/android/manifmerger/MergingReport done
Event: 20.030 loading class com/android/build/gradle/tasks/ManifestProcessorTask$Companion
Event: 20.030 loading class com/android/build/gradle/tasks/ManifestProcessorTask$Companion done
Event: 20.040 loading class com/android/build/gradle/internal/tasks/CheckAarMetadataTask$CreationAction$configure$1
Event: 20.040 loading class com/android/build/gradle/internal/tasks/CheckAarMetadataTask$CreationAction$configure$1 done
Event: 20.041 loading class com/android/build/gradle/internal/tasks/CheckAarMetadataTask$CreationAction$configure$2
Event: 20.041 loading class com/android/build/gradle/internal/tasks/CheckAarMetadataTask$CreationAction$configure$2 done
Event: 20.044 loading class com/android/build/gradle/internal/tasks/CheckAarMetadataTask$CreationAction$configure$1$1
Event: 20.044 loading class com/android/build/gradle/internal/tasks/CheckAarMetadataTask$CreationAction$configure$1$1 done
Event: 20.045 loading class com/android/build/gradle/internal/tasks/CheckAarMetadataTask$CreationAction$configure$2$1
Event: 20.045 loading class com/android/build/gradle/internal/tasks/CheckAarMetadataTask$CreationAction$configure$2$1 done
Event: 20.048 loading class org/gradle/api/internal/provider/BuildableBackedProvider$1
Event: 20.048 loading class org/gradle/api/internal/provider/BuildableBackedProvider$1 done
Event: 20.050 loading class org/gradle/api/artifacts/result/ResolvedArtifactResult
Event: 20.050 loading class org/gradle/api/artifacts/result/ResolvedArtifactResult done
Event: 20.051 loading class com/android/build/gradle/tasks/ProcessApplicationManifest$Companion
Event: 20.051 loading class com/android/build/gradle/tasks/ProcessApplicationManifest$Companion done
Event: 20.052 loading class com/android/manifmerger/ManifestMerger2$Invoker$Feature
Event: 20.052 loading class com/android/manifmerger/ManifestMerger2$Invoker$Feature done
Event: 20.057 Executing VM operation: G1CollectForAllocation


Dynamic libraries:
0x00007ff77e6f0000 - 0x00007ff77e6fa000 	C:\Program Files\Android\Android Studio\jbr\bin\java.exe
0x00007ffbc5b10000 - 0x00007ffbc5d08000 	C:\Windows\SYSTEM32\ntdll.dll
0x00007ffbc55e0000 - 0x00007ffbc569f000 	C:\Windows\System32\KERNEL32.DLL
0x00007ffbc35d0000 - 0x00007ffbc38a2000 	C:\Windows\System32\KERNELBASE.dll
0x00007ffbc3a60000 - 0x00007ffbc3b60000 	C:\Windows\System32\ucrtbase.dll
0x00007ffba3800000 - 0x00007ffba3817000 	C:\Program Files\Android\Android Studio\jbr\bin\jli.dll
0x00007ffbc5300000 - 0x00007ffbc54a1000 	C:\Windows\System32\USER32.dll
0x00007ffbc3210000 - 0x00007ffbc3232000 	C:\Windows\System32\win32u.dll
0x00007ffbc5110000 - 0x00007ffbc513b000 	C:\Windows\System32\GDI32.dll
0x00007ffbc38b0000 - 0x00007ffbc39bf000 	C:\Windows\System32\gdi32full.dll
0x00007ffbc3290000 - 0x00007ffbc332d000 	C:\Windows\System32\msvcp_win.dll
0x00007ffbb3b20000 - 0x00007ffbb3dba000 	C:\Windows\WinSxS\amd64_microsoft.windows.common-controls_6595b64144ccf1df_6.0.19041.1110_none_60b5254171f9507e\COMCTL32.dll
0x00007ffb7c640000 - 0x00007ffb7c65b000 	C:\Program Files\Android\Android Studio\jbr\bin\VCRUNTIME140.dll
0x00007ffbc5950000 - 0x00007ffbc59ee000 	C:\Windows\System32\msvcrt.dll
0x00007ffbc3b70000 - 0x00007ffbc3ba0000 	C:\Windows\System32\IMM32.DLL
0x00007ffbbc980000 - 0x00007ffbbc98c000 	C:\Program Files\Android\Android Studio\jbr\bin\vcruntime140_1.dll
0x00007ffb69980000 - 0x00007ffb69a0d000 	C:\Program Files\Android\Android Studio\jbr\bin\msvcp140.dll
0x00007ffb213b0000 - 0x00007ffb21f6c000 	C:\Program Files\Android\Android Studio\jbr\bin\server\jvm.dll
0x00007ffbc4fb0000 - 0x00007ffbc505e000 	C:\Windows\System32\ADVAPI32.dll
0x00007ffbc4750000 - 0x00007ffbc47ec000 	C:\Windows\System32\sechost.dll
0x00007ffbc5820000 - 0x00007ffbc5944000 	C:\Windows\System32\RPCRT4.dll
0x00007ffbc3b60000 - 0x00007ffbc3b68000 	C:\Windows\System32\PSAPI.DLL
0x00007ffbb8ec0000 - 0x00007ffbb8ee7000 	C:\Windows\SYSTEM32\WINMM.dll
0x00007ffbb8ef0000 - 0x00007ffbb8efa000 	C:\Windows\SYSTEM32\VERSION.dll
0x00007ffbbda20000 - 0x00007ffbbda29000 	C:\Windows\SYSTEM32\WSOCK32.dll
0x00007ffbc47f0000 - 0x00007ffbc485b000 	C:\Windows\System32\WS2_32.dll
0x00007ffbc1a60000 - 0x00007ffbc1a72000 	C:\Windows\SYSTEM32\kernel.appcore.dll
0x00007ffbbd9e0000 - 0x00007ffbbd9f0000 	C:\Program Files\Android\Android Studio\jbr\bin\verify.dll
0x00007ffbb7600000 - 0x00007ffbb77e4000 	C:\Windows\SYSTEM32\DBGHELP.DLL
0x00007ffbb74e0000 - 0x00007ffbb7515000 	C:\Windows\SYSTEM32\dbgcore.DLL
0x00007ffbc3330000 - 0x00007ffbc33b2000 	C:\Windows\System32\bcryptPrimitives.dll
0x00007ffba37d0000 - 0x00007ffba37f8000 	C:\Program Files\Android\Android Studio\jbr\bin\java.dll
0x00007ffbba860000 - 0x00007ffbba86a000 	C:\Program Files\Android\Android Studio\jbr\bin\jimage.dll
0x00007ffba51e0000 - 0x00007ffba51f8000 	C:\Program Files\Android\Android Studio\jbr\bin\zip.dll
0x00007ffbc4860000 - 0x00007ffbc4fa5000 	C:\Windows\System32\SHELL32.dll
0x00007ffbc1140000 - 0x00007ffbc18d2000 	C:\Windows\SYSTEM32\windows.storage.dll
0x00007ffbc4320000 - 0x00007ffbc4675000 	C:\Windows\System32\combase.dll
0x00007ffbc2b90000 - 0x00007ffbc2bc0000 	C:\Windows\SYSTEM32\Wldp.dll
0x00007ffbc5060000 - 0x00007ffbc510d000 	C:\Windows\System32\SHCORE.dll
0x00007ffbc57c0000 - 0x00007ffbc5815000 	C:\Windows\System32\shlwapi.dll
0x00007ffbc3150000 - 0x00007ffbc316f000 	C:\Windows\SYSTEM32\profapi.dll
0x00007ffba35d0000 - 0x00007ffba35e9000 	C:\Program Files\Android\Android Studio\jbr\bin\net.dll
0x00007ffbb8270000 - 0x00007ffbb837a000 	C:\Windows\SYSTEM32\WINHTTP.dll
0x00007ffbc28f0000 - 0x00007ffbc295a000 	C:\Windows\system32\mswsock.dll
0x00007ffb7c200000 - 0x00007ffb7c213000 	C:\Program Files\Android\Android Studio\jbr\bin\nio.dll
0x00007ffb7d6a0000 - 0x00007ffb7d6c7000 	C:\Users\\.gradle\native\e1d6ef7f7dcc3fd88c89a11ec53ec762bb8ba0a96d01ffa2cd45eb1d1d8dd5c5\windows-amd64\native-platform.dll
0x00007ffb55eb0000 - 0x00007ffb55ff4000 	C:\Users\\.gradle\native\0d407fdbe67a94daf76414ababcb853783967236a71b16ec16e742cd7a986fd3\windows-amd64\native-platform-file-events.dll
0x00007ffbba850000 - 0x00007ffbba85a000 	C:\Program Files\Android\Android Studio\jbr\bin\management.dll
0x00007ffbba730000 - 0x00007ffbba73b000 	C:\Program Files\Android\Android Studio\jbr\bin\management_ext.dll
0x00007ffbc2ae0000 - 0x00007ffbc2af8000 	C:\Windows\SYSTEM32\CRYPTSP.dll
0x00007ffbc2210000 - 0x00007ffbc2244000 	C:\Windows\system32\rsaenh.dll
0x00007ffbc39c0000 - 0x00007ffbc39e7000 	C:\Windows\System32\bcrypt.dll
0x00007ffbc30d0000 - 0x00007ffbc30fe000 	C:\Windows\SYSTEM32\USERENV.dll
0x00007ffbc2b00000 - 0x00007ffbc2b0c000 	C:\Windows\SYSTEM32\CRYPTBASE.dll
0x00007ffbc25e0000 - 0x00007ffbc261b000 	C:\Windows\SYSTEM32\IPHLPAPI.DLL
0x00007ffbc4310000 - 0x00007ffbc4318000 	C:\Windows\System32\NSI.dll
0x00007ffbb8860000 - 0x00007ffbb8877000 	C:\Windows\SYSTEM32\dhcpcsvc6.DLL
0x00007ffbb8d70000 - 0x00007ffbb8d8d000 	C:\Windows\SYSTEM32\dhcpcsvc.DLL
0x00007ffbc2620000 - 0x00007ffbc26eb000 	C:\Windows\SYSTEM32\DNSAPI.dll
0x00007ffb75030000 - 0x00007ffb75057000 	C:\Program Files\Android\Android Studio\jbr\bin\sunec.dll
0x00007ffbb7350000 - 0x00007ffbb735a000 	C:\Windows\System32\rasadhlp.dll
0x00007ffbb4b00000 - 0x00007ffbb4b80000 	C:\Windows\System32\fwpuclnt.dll
0x00007ffb47130000 - 0x00007ffb47147000 	C:\Windows\system32\napinsp.dll
0x00007ffb4aa30000 - 0x00007ffb4aa4b000 	C:\Windows\system32\pnrpnsp.dll
0x00007ffbbcf10000 - 0x00007ffbbcf25000 	C:\Windows\system32\wshbth.dll
0x00007ffbbe3c0000 - 0x00007ffbbe3dd000 	C:\Windows\system32\NLAapi.dll
0x00007ffb4a8d0000 - 0x00007ffb4a8e2000 	C:\Windows\System32\winrnr.dll

dbghelp: loaded successfully - version: 4.0.5 - missing functions: none
symbol engine: initialized successfully - sym options: 0x614 - pdb path: .;C:\Program Files\Android\Android Studio\jbr\bin;C:\Windows\SYSTEM32;C:\Windows\WinSxS\amd64_microsoft.windows.common-controls_6595b64144ccf1df_6.0.19041.1110_none_60b5254171f9507e;C:\Program Files\Android\Android Studio\jbr\bin\server;C:\Users\\.gradle\native\e1d6ef7f7dcc3fd88c89a11ec53ec762bb8ba0a96d01ffa2cd45eb1d1d8dd5c5\windows-amd64;C:\Users\\.gradle\native\0d407fdbe67a94daf76414ababcb853783967236a71b16ec16e742cd7a986fd3\windows-amd64

VM Arguments:
jvm_args: --add-opens=java.base/java.util=ALL-UNNAMED --add-opens=java.base/java.lang=ALL-UNNAMED --add-opens=java.base/java.lang.invoke=ALL-UNNAMED --add-opens=java.base/java.util=ALL-UNNAMED --add-opens=java.prefs/java.util.prefs=ALL-UNNAMED --add-opens=java.prefs/java.util.prefs=ALL-UNNAMED --add-opens=java.base/java.nio.charset=ALL-UNNAMED --add-opens=java.base/java.net=ALL-UNNAMED --add-opens=java.base/java.util.concurrent.atomic=ALL-UNNAMED -Xmx2048m -Dfile.encoding=UTF-8 -Duser.country=RU -Duser.language=ru -Duser.variant 
java_command: org.gradle.launcher.daemon.bootstrap.GradleDaemon 7.5
java_class_path (initial): C:\Users\\.gradle\wrapper\dists\gradle-7.5-bin\f1w0cc9nuo0eivz97x2xlu9sv\gradle-7.5\lib\gradle-launcher-7.5.jar
Launcher Type: SUN_STANDARD

[Global flags]
     intx CICompilerCount                          = 3                                         {product} {ergonomic}
     uint ConcGCThreads                            = 1                                         {product} {ergonomic}
     uint G1ConcRefinementThreads                  = 4                                         {product} {ergonomic}
   size_t G1HeapRegionSize                         = 1048576                                   {product} {ergonomic}
    uintx GCDrainStackTargetSize                   = 64                                        {product} {ergonomic}
   size_t InitialHeapSize                          = 54525952                                  {product} {ergonomic}
   size_t MarkStackSize                            = 4194304                                   {product} {ergonomic}
   size_t MaxHeapSize                              = 2147483648                                {product} {command line}
   size_t MaxNewSize                               = 1287651328                                {product} {ergonomic}
   size_t MinHeapDeltaBytes                        = 1048576                                   {product} {ergonomic}
    uintx NonNMethodCodeHeapSize                   = 5830732                                {pd product} {ergonomic}
    uintx NonProfiledCodeHeapSize                  = 122913754                              {pd product} {ergonomic}
    uintx ProfiledCodeHeapSize                     = 122913754                              {pd product} {ergonomic}
    uintx ReservedCodeCacheSize                    = 251658240                              {pd product} {ergonomic}
     bool SegmentedCodeCache                       = true                                      {product} {ergonomic}
     bool UseCompressedClassPointers               = true                                 {lp64_product} {ergonomic}
     bool UseCompressedOops                        = true                                 {lp64_product} {ergonomic}
     bool UseG1GC                                  = true                                      {product} {ergonomic}
     bool UseLargePagesIndividualAllocation        = false                                  {pd product} {ergonomic}

Logging:
Log output configuration:
 #0: stdout all=warning uptime,level,tags
 #1: stderr all=off uptime,level,tags

Environment Variables:
JAVA_HOME=C:\Program Files\Java\jdk-11.0.12+7
PATH=C:\ProgramData\Oracle\Java\javapath;C:\Program Files (x86)\Embarcadero\Studio\21.0\bin;C:\Users\Public\Documents\Embarcadero\Studio\21.0\Bpl;C:\Program Files (x86)\Embarcadero\Studio\21.0\bin64;C:\Users\Public\Documents\Embarcadero\Studio\21.0\Bpl\Win64;C:\Program Files (x86)\Embarcadero\Studio\20.0\bin;C:\Users\Public\Documents\Embarcadero\Studio\20.0\Bpl;C:\Program Files (x86)\Embarcadero\Studio\20.0\bin64;C:\Users\Public\Documents\Embarcadero\Studio\20.0\Bpl\Win64;C:\Windows\system32;C:\Windows;C:\Windows\System32\Wbem;C:\Windows\System32\WindowsPowerShell\v1.0\;C:\Windows\System32\OpenSSH\;C:\Program Files\dotnet\;C:\Program Files (x86)\Windows Kits\10\Windows Performance Toolkit\;C:\Program Files\Microsoft SQL Server\Client SDK\ODBC\170\Tools\Binn\;C:\Program Files (x86)\Microsoft SQL Server\150\Tools\Binn\;C:\Program Files\Microsoft SQL Server\150\Tools\Binn\;C:\Program Files\Microsoft SQL Server\150\DTS\Binn\;C:\Program Files\Git\cmd;C:\Program Files (x86)\Microsoft SQL Server\150\DTS\Binn\;C:\Program Files\Azure Data Studio\bin;C:\Users\\AppData\Local\Microsoft\WindowsApps;C:\Users\\.dotnet\tools;C:\Program Files\Java\jdk-11.0.12+7\bin;C:\Program Files\Azure Data Studio\bin;C:\Users\\AppData\Local\Programs\Microsoft VS Code\bin
USERNAME=Anya
OS=Windows_NT
PROCESSOR_IDENTIFIER=AMD64 Family 23 Model 96 Stepping 1, AuthenticAMD



---------------  S Y S T E M  ---------------

OS: Windows 10 , 64 bit Build 19041 (10.0.19041.2546)
OS uptime: 2 days 10:17 hours

CPU:total 4 (initial active 4) (4 cores per cpu, 1 threads per core) family 23 model 96 stepping 1 microcode 0x0, cmov, cx8, fxsr, mmx, sse, sse2, sse3, ssse3, sse4.1, sse4.2, popcnt, avx, avx2, aes, clmul, mmxext, 3dnowpref, lzcnt, sse4a, tsc, tscinvbit, tscinv, bmi1, bmi2, adx, sha, fma

Memory: 4k page, system-wide physical 3242M (222M free)
TotalPageFile size 12970M (AvailPageFile size 13M)
current process WorkingSet (physical memory assigned to process): 286M, peak: 296M
current process commit charge ("private bytes"): 396M, peak: 426M

vm_info: OpenJDK 64-Bit Server VM (11.0.15+0-b2043.56-9505619) for windows-amd64 JRE (11.0.15+0-b2043.56-9505619), built on Jan 19 2023 02:48:00 by "builduser" with unknown MS VC++:1929

END.
