#
# There is insufficient memory for the Java Runtime Environment to continue.
# Native memory allocation (mmap) failed to map 51380224 bytes for Failed to commit area from 0x000000008a500000 to 0x000000008d600000 of length 51380224.
# Possible reasons:
#   The system is out of physical RAM or swap space
#   The process is running with CompressedOops enabled, and the Java Heap may be blocking the growth of the native heap
# Possible solutions:
#   Reduce memory load on the system
#   Increase physical memory or swap space
#   Check if swap backing store is full
#   Decrease Java heap size (-Xmx/-Xms)
#   Decrease number of Java threads
#   Decrease Java thread stack sizes (-Xss)
#   Set larger code cache with -XX:ReservedCodeCacheSize=
#   JVM is running with Unscaled Compressed Oops mode in which the Java heap is
#     placed in the first 4GB address space. The Java Heap base address is the
#     maximum limit for the native heap growth. Please use -XX:HeapBaseMinAddress
#     to set the Java Heap base and to place the Java Heap above 4GB virtual address.
# This output file may be truncated or incomplete.
#
#  Out of Memory Error (src/hotspot/os/windows/os_windows.cpp:3627), pid=12356, tid=23712
#
# JRE version: OpenJDK Runtime Environment (11.0.15) (build 11.0.15+0-b2043.56-9505619)
# Java VM: OpenJDK 64-Bit Server VM (11.0.15+0-b2043.56-9505619, mixed mode, tiered, compressed oops, g1 gc, windows-amd64)
# No core dump will be written. Minidumps are not enabled by default on client versions of Windows
#

---------------  S U M M A R Y ------------

Command Line: --add-opens=java.base/java.util=ALL-UNNAMED --add-opens=java.base/java.lang=ALL-UNNAMED --add-opens=java.base/java.lang.invoke=ALL-UNNAMED --add-opens=java.base/java.util=ALL-UNNAMED --add-opens=java.prefs/java.util.prefs=ALL-UNNAMED --add-opens=java.prefs/java.util.prefs=ALL-UNNAMED --add-opens=java.base/java.nio.charset=ALL-UNNAMED --add-opens=java.base/java.net=ALL-UNNAMED --add-opens=java.base/java.util.concurrent.atomic=ALL-UNNAMED -Xmx2048m -Dfile.encoding=UTF-8 -Duser.country=RU -Duser.language=ru -Duser.variant org.gradle.launcher.daemon.bootstrap.GradleDaemon 7.5

Host: AMD Ryzen 3 4300U with Radeon Graphics         , 4 cores, 3G,  Windows 10 , 64 bit Build 19041 (10.0.19041.2546)
Time: Fri Apr  7 00:22:09 2023 RTZ 7 (s 10 , 64 bit Build 19041 (10.0.19041.2546) elapsed time: 28.825207 seconds (0d 0h 0m 28s)

---------------  T H R E A D  ---------------

Current thread (0x000001f8a5834000):  VMThread "VM Thread" [stack: 0x000000da82700000,0x000000da82800000] [id=23712]

Stack: [0x000000da82700000,0x000000da82800000]
[error occurred during error reporting (printing stack bounds), id 0xc0000005, EXCEPTION_ACCESS_VIOLATION (0xc0000005) at pc=0x000001f88e81112d]

Native frames: (J=compiled Java code, j=interpreted, Vv=VM code, C=native code)
V  [jvm.dll+0x64135a]
V  [jvm.dll+0x7d39f9]
V  [jvm.dll+0x7d51b9]
V  [jvm.dll+0x7d5805]
V  [jvm.dll+0x7d57bb]
V  [jvm.dll+0x640655]
V  [jvm.dll+0x640d68]
C  [ntdll.dll+0xa241f]
C  [ntdll.dll+0x514a4]
C  [ntdll.dll+0xa0f4e]
C  0x000001f88e81112d

VM_Operation (0x000000da873fdc00): G1CollectForAllocation, mode: safepoint, requested by thread 0x000001f8aa25f000


---------------  P R O C E S S  ---------------

Threads class SMR info:
_java_thread_list=0x000001f8a86bc960, length=85, elements={
0x000001f8894db000, 0x000001f8a583a000, 0x000001f8a583b800, 0x000001f8a58a0000,
0x000001f8a58a1000, 0x000001f8a58a2000, 0x000001f8a58a5000, 0x000001f8a58a8800,
0x000001f8a58ac000, 0x000001f8a5b21800, 0x000001f8a73f2000, 0x000001f8a5c61000,
0x000001f8a7cd9000, 0x000001f8a79f6000, 0x000001f8a654f000, 0x000001f8a6cb9800,
0x000001f8a59fe800, 0x000001f8a59ff000, 0x000001f8a68d9800, 0x000001f8a5f8a000,
0x000001f8a6396000, 0x000001f8a6397800, 0x000001f8a6396800, 0x000001f8a6398000,
0x000001f8a6399000, 0x000001f8a639a000, 0x000001f8a639a800, 0x000001f8a6395000,
0x000001f8a639b800, 0x000001f8a6b7b000, 0x000001f8a6b7c800, 0x000001f8a6b7b800,
0x000001f8a6b80800, 0x000001f8a6b7e000, 0x000001f8a6b84800, 0x000001f8a6b85800,
0x000001f8a6b82000, 0x000001f8a6b86000, 0x000001f8a6b87000, 0x000001f8a6b88000,
0x000001f8a6b88800, 0x000001f8a6b89800, 0x000001f8a891c000, 0x000001f8a891c800,
0x000001f8a891b000, 0x000001f8a891a800, 0x000001f8a891d800, 0x000001f8a8918000,
0x000001f8a891e800, 0x000001f8a8918800, 0x000001f8a891f000, 0x000001f8a8919800,
0x000001f8a8925800, 0x000001f8a8924000, 0x000001f8a8923800, 0x000001f8a8920000,
0x000001f8a8925000, 0x000001f8a8926800, 0x000001f8a8921000, 0x000001f8a8922800,
0x000001f8a8921800, 0x000001f8aa252800, 0x000001f8aa255000, 0x000001f8aa256000,
0x000001f8aa254800, 0x000001f8aa257000, 0x000001f8aa257800, 0x000001f8aa259800,
0x000001f8aa258800, 0x000001f8aa253800, 0x000001f8aa25a000, 0x000001f8aa25f000,
0x000001f8aa25b800, 0x000001f8aa25d800, 0x000001f8aa260800, 0x000001f8aa25b000,
0x000001f8aa261800, 0x000001f8aa25e000, 0x000001f8ac9e3800, 0x000001f8ae1c8000,
0x000001f8ac9e0800, 0x000001f8ac9e1000, 0x000001f8ac9e2000, 0x000001f8ac9e4800,
0x000001f8ac9df800
}

Java Threads: ( => current thread )
  0x000001f8894db000 JavaThread "main" [_thread_blocked, id=23264, stack(0x000000da82100000,0x000000da82200000)]
  0x000001f8a583a000 JavaThread "Reference Handler" daemon [_thread_blocked, id=26644, stack(0x000000da82800000,0x000000da82900000)]
  0x000001f8a583b800 JavaThread "Finalizer" daemon [_thread_blocked, id=13860, stack(0x000000da82900000,0x000000da82a00000)]
  0x000001f8a58a0000 JavaThread "Signal Dispatcher" daemon [_thread_blocked, id=22512, stack(0x000000da82a00000,0x000000da82b00000)]
  0x000001f8a58a1000 JavaThread "Attach Listener" daemon [_thread_blocked, id=9332, stack(0x000000da82b00000,0x000000da82c00000)]
  0x000001f8a58a2000 JavaThread "Service Thread" daemon [_thread_blocked, id=11532, stack(0x000000da82c00000,0x000000da82d00000)]
  0x000001f8a58a5000 JavaThread "C2 CompilerThread0" daemon [_thread_blocked, id=22004, stack(0x000000da82d00000,0x000000da82e00000)]
  0x000001f8a58a8800 JavaThread "C1 CompilerThread0" daemon [_thread_blocked, id=8636, stack(0x000000da82e00000,0x000000da82f00000)]
  0x000001f8a58ac000 JavaThread "Sweeper thread" daemon [_thread_blocked, id=25200, stack(0x000000da82f00000,0x000000da83000000)]
  0x000001f8a5b21800 JavaThread "Common-Cleaner" daemon [_thread_blocked, id=10220, stack(0x000000da83000000,0x000000da83100000)]
  0x000001f8a73f2000 JavaThread "Daemon health stats" [_thread_blocked, id=21660, stack(0x000000da83400000,0x000000da83500000)]
  0x000001f8a5c61000 JavaThread "Incoming local TCP Connector on port 63926" [_thread_in_native, id=12968, stack(0x000000da83500000,0x000000da83600000)]
  0x000001f8a7cd9000 JavaThread "Daemon periodic checks" [_thread_blocked, id=8584, stack(0x000000da83800000,0x000000da83900000)]
  0x000001f8a79f6000 JavaThread "Daemon" [_thread_blocked, id=25012, stack(0x000000da83900000,0x000000da83a00000)]
  0x000001f8a654f000 JavaThread "Handler for socket connection from /127.0.0.1:63926 to /127.0.0.1:63927" [_thread_in_native, id=19528, stack(0x000000da83a00000,0x000000da83b00000)]
  0x000001f8a6cb9800 JavaThread "Cancel handler" [_thread_blocked, id=20616, stack(0x000000da83b00000,0x000000da83c00000)]
  0x000001f8a59fe800 JavaThread "Daemon worker" [_thread_blocked, id=22488, stack(0x000000da83c00000,0x000000da83d00000)]
  0x000001f8a59ff000 JavaThread "Asynchronous log dispatcher for DefaultDaemonConnection: socket connection from /127.0.0.1:63926 to /127.0.0.1:63927" [_thread_blocked, id=3400, stack(0x000000da83d00000,0x000000da83e00000)]
  0x000001f8a68d9800 JavaThread "Stdin handler" [_thread_blocked, id=22100, stack(0x000000da83e00000,0x000000da83f00000)]
  0x000001f8a5f8a000 JavaThread "Daemon client event forwarder" [_thread_blocked, id=20648, stack(0x000000da83f00000,0x000000da84000000)]
  0x000001f8a6396000 JavaThread "Cache worker for journal cache (C:\Users\Аня\.gradle\caches\journal-1)" [_thread_blocked, id=24852, stack(0x000000da84000000,0x000000da84100000)]
  0x000001f8a6397800 JavaThread "File lock request listener" [_thread_in_native, id=22452, stack(0x000000da84100000,0x000000da84200000)]
  0x000001f8a6396800 JavaThread "Cache worker for file hash cache (C:\Users\Аня\.gradle\caches\7.5\fileHashes)" [_thread_blocked, id=23564, stack(0x000000da84200000,0x000000da84300000)]
  0x000001f8a6398000 JavaThread "File watcher server" daemon [_thread_blocked, id=8340, stack(0x000000da84300000,0x000000da84400000)]
  0x000001f8a6399000 JavaThread "File watcher consumer" daemon [_thread_blocked, id=26756, stack(0x000000da84400000,0x000000da84500000)]
  0x000001f8a639a000 JavaThread "Cache worker for checksums cache (E:\3\Mobile\Laba3\.gradle\7.5\checksums)" [_thread_blocked, id=24396, stack(0x000000da84500000,0x000000da84600000)]
  0x000001f8a639a800 JavaThread "Cache worker for cache directory md-rule (C:\Users\Аня\.gradle\caches\7.5\md-rule)" [_thread_blocked, id=4540, stack(0x000000da84600000,0x000000da84700000)]
  0x000001f8a6395000 JavaThread "Cache worker for file content cache (C:\Users\Аня\.gradle\caches\7.5\fileContent)" [_thread_blocked, id=23336, stack(0x000000da84700000,0x000000da84800000)]
  0x000001f8a639b800 JavaThread "Cache worker for file hash cache (E:\3\Mobile\Laba3\.gradle\7.5\fileHashes)" [_thread_blocked, id=20740, stack(0x000000da84800000,0x000000da84900000)]
  0x000001f8a6b7b000 JavaThread "Cache worker for cache directory md-supplier (C:\Users\Аня\.gradle\caches\7.5\md-supplier)" [_thread_blocked, id=26752, stack(0x000000da84900000,0x000000da84a00000)]
  0x000001f8a6b7c800 JavaThread "Cache worker for execution history cache (C:\Users\Аня\.gradle\caches\7.5\executionHistory)" [_thread_blocked, id=24160, stack(0x000000da84a00000,0x000000da84b00000)]
  0x000001f8a6b7b800 JavaThread "jar transforms" [_thread_blocked, id=26280, stack(0x000000da84b00000,0x000000da84c00000)]
  0x000001f8a6b80800 JavaThread "jar transforms Thread 2" [_thread_blocked, id=24800, stack(0x000000da84c00000,0x000000da84d00000)]
  0x000001f8a6b7e000 JavaThread "jar transforms Thread 3" [_thread_blocked, id=22628, stack(0x000000da84d00000,0x000000da84e00000)]
  0x000001f8a6b84800 JavaThread "jar transforms Thread 4" [_thread_blocked, id=17680, stack(0x000000da84e00000,0x000000da84f00000)]
  0x000001f8a6b85800 JavaThread "Cache worker for dependencies-accessors (E:\3\Mobile\Laba3\.gradle\7.5\dependencies-accessors)" [_thread_blocked, id=19000, stack(0x000000da84f00000,0x000000da85000000)]
  0x000001f8a6b82000 JavaThread "Cache worker for Build Output Cleanup Cache (E:\3\Mobile\Laba3\.gradle\buildOutputCleanup)" [_thread_blocked, id=20056, stack(0x000000da85000000,0x000000da85100000)]
  0x000001f8a6b86000 JavaThread "Unconstrained build operations" [_thread_blocked, id=5588, stack(0x000000da85100000,0x000000da85200000)]
  0x000001f8a6b87000 JavaThread "Unconstrained build operations Thread 2" [_thread_blocked, id=26328, stack(0x000000da85200000,0x000000da85300000)]
  0x000001f8a6b88000 JavaThread "Unconstrained build operations Thread 3" [_thread_blocked, id=27416, stack(0x000000da85300000,0x000000da85400000)]
  0x000001f8a6b88800 JavaThread "Unconstrained build operations Thread 4" [_thread_blocked, id=23404, stack(0x000000da85400000,0x000000da85500000)]
  0x000001f8a6b89800 JavaThread "Unconstrained build operations Thread 5" [_thread_blocked, id=22420, stack(0x000000da85500000,0x000000da85600000)]
  0x000001f8a891c000 JavaThread "Unconstrained build operations Thread 6" [_thread_blocked, id=25728, stack(0x000000da85600000,0x000000da85700000)]
  0x000001f8a891c800 JavaThread "Unconstrained build operations Thread 7" [_thread_blocked, id=3816, stack(0x000000da85700000,0x000000da85800000)]
  0x000001f8a891b000 JavaThread "Unconstrained build operations Thread 8" [_thread_blocked, id=27112, stack(0x000000da85800000,0x000000da85900000)]
  0x000001f8a891a800 JavaThread "Unconstrained build operations Thread 9" [_thread_blocked, id=21560, stack(0x000000da85900000,0x000000da85a00000)]
  0x000001f8a891d800 JavaThread "Unconstrained build operations Thread 10" [_thread_blocked, id=9384, stack(0x000000da85a00000,0x000000da85b00000)]
  0x000001f8a8918000 JavaThread "Unconstrained build operations Thread 11" [_thread_blocked, id=25136, stack(0x000000da85b00000,0x000000da85c00000)]
  0x000001f8a891e800 JavaThread "Unconstrained build operations Thread 12" [_thread_blocked, id=18708, stack(0x000000da85c00000,0x000000da85d00000)]
  0x000001f8a8918800 JavaThread "Unconstrained build operations Thread 13" [_thread_blocked, id=27040, stack(0x000000da85d00000,0x000000da85e00000)]
  0x000001f8a891f000 JavaThread "Unconstrained build operations Thread 14" [_thread_blocked, id=22992, stack(0x000000da85e00000,0x000000da85f00000)]
  0x000001f8a8919800 JavaThread "Unconstrained build operations Thread 15" [_thread_blocked, id=26872, stack(0x000000da85f00000,0x000000da86000000)]
  0x000001f8a8925800 JavaThread "Unconstrained build operations Thread 16" [_thread_blocked, id=19920, stack(0x000000da86000000,0x000000da86100000)]
  0x000001f8a8924000 JavaThread "Unconstrained build operations Thread 17" [_thread_blocked, id=22380, stack(0x000000da86100000,0x000000da86200000)]
  0x000001f8a8923800 JavaThread "Unconstrained build operations Thread 18" [_thread_blocked, id=27340, stack(0x000000da86200000,0x000000da86300000)]
  0x000001f8a8920000 JavaThread "Unconstrained build operations Thread 19" [_thread_blocked, id=22732, stack(0x000000da86300000,0x000000da86400000)]
  0x000001f8a8925000 JavaThread "Unconstrained build operations Thread 20" [_thread_blocked, id=20264, stack(0x000000da86400000,0x000000da86500000)]
  0x000001f8a8926800 JavaThread "Unconstrained build operations Thread 21" [_thread_blocked, id=25116, stack(0x000000da86500000,0x000000da86600000)]
  0x000001f8a8921000 JavaThread "Unconstrained build operations Thread 22" [_thread_blocked, id=21764, stack(0x000000da86600000,0x000000da86700000)]
  0x000001f8a8922800 JavaThread "Unconstrained build operations Thread 23" [_thread_blocked, id=7984, stack(0x000000da86700000,0x000000da86800000)]
  0x000001f8a8921800 JavaThread "Unconstrained build operations Thread 24" [_thread_blocked, id=21212, stack(0x000000da86800000,0x000000da86900000)]
  0x000001f8aa252800 JavaThread "Unconstrained build operations Thread 25" [_thread_blocked, id=25716, stack(0x000000da86900000,0x000000da86a00000)]
  0x000001f8aa255000 JavaThread "Unconstrained build operations Thread 26" [_thread_blocked, id=6920, stack(0x000000da86a00000,0x000000da86b00000)]
  0x000001f8aa256000 JavaThread "Unconstrained build operations Thread 27" [_thread_blocked, id=6492, stack(0x000000da86b00000,0x000000da86c00000)]
  0x000001f8aa254800 JavaThread "Unconstrained build operations Thread 28" [_thread_blocked, id=24460, stack(0x000000da86c00000,0x000000da86d00000)]
  0x000001f8aa257000 JavaThread "Unconstrained build operations Thread 29" [_thread_blocked, id=27248, stack(0x000000da86d00000,0x000000da86e00000)]
  0x000001f8aa257800 JavaThread "Unconstrained build operations Thread 30" [_thread_blocked, id=10100, stack(0x000000da86e00000,0x000000da86f00000)]
  0x000001f8aa259800 JavaThread "Unconstrained build operations Thread 31" [_thread_blocked, id=9360, stack(0x000000da86f00000,0x000000da87000000)]
  0x000001f8aa258800 JavaThread "Unconstrained build operations Thread 32" [_thread_blocked, id=26704, stack(0x000000da87000000,0x000000da87100000)]
  0x000001f8aa253800 JavaThread "Unconstrained build operations Thread 33" [_thread_blocked, id=13696, stack(0x000000da87100000,0x000000da87200000)]
  0x000001f8aa25a000 JavaThread "Unconstrained build operations Thread 34" [_thread_blocked, id=22172, stack(0x000000da87200000,0x000000da87300000)]
  0x000001f8aa25f000 JavaThread "Unconstrained build operations Thread 35" [_thread_blocked, id=14408, stack(0x000000da87300000,0x000000da87400000)]
  0x000001f8aa25b800 JavaThread "Unconstrained build operations Thread 36" [_thread_blocked, id=1700, stack(0x000000da87400000,0x000000da87500000)]
  0x000001f8aa25d800 JavaThread "Unconstrained build operations Thread 37" [_thread_blocked, id=20104, stack(0x000000da87500000,0x000000da87600000)]
  0x000001f8aa260800 JavaThread "Unconstrained build operations Thread 38" [_thread_blocked, id=13900, stack(0x000000da87600000,0x000000da87700000)]
  0x000001f8aa25b000 JavaThread "Unconstrained build operations Thread 39" [_thread_blocked, id=21632, stack(0x000000da87700000,0x000000da87800000)]
  0x000001f8aa261800 JavaThread "Unconstrained build operations Thread 40" [_thread_blocked, id=25684, stack(0x000000da87800000,0x000000da87900000)]
  0x000001f8aa25e000 JavaThread "build event listener" [_thread_blocked, id=26084, stack(0x000000da87900000,0x000000da87a00000)]
  0x000001f8ac9e3800 JavaThread "Memory manager" [_thread_blocked, id=27152, stack(0x000000da87a00000,0x000000da87b00000)]
  0x000001f8ae1c8000 JavaThread "C2 CompilerThread1" daemon [_thread_blocked, id=20776, stack(0x000000da87b00000,0x000000da87c00000)]
  0x000001f8ac9e0800 JavaThread "included builds" [_thread_blocked, id=17912, stack(0x000000da87c00000,0x000000da87d00000)]
  0x000001f8ac9e1000 JavaThread "Execution worker" [_thread_blocked, id=21396, stack(0x000000da87d00000,0x000000da87e00000)]
  0x000001f8ac9e2000 JavaThread "Execution worker Thread 2" [_thread_blocked, id=8400, stack(0x000000da87e00000,0x000000da87f00000)]
  0x000001f8ac9e4800 JavaThread "Execution worker Thread 3" [_thread_blocked, id=6004, stack(0x000000da87f00000,0x000000da88000000)]
  0x000001f8ac9df800 JavaThread "Cache worker for execution history cache (E:\3\Mobile\Laba3\.gradle\7.5\executionHistory)" [_thread_blocked, id=5572, stack(0x000000da88000000,0x000000da88100000)]

Other Threads:
=>0x000001f8a5834000 VMThread "VM Thread" [stack: 0x000000da82700000,0x000000da82800000] [id=23712]
  0x000001f8a5b3b800 WatcherThread [stack: 0x000000da83100000,0x000000da83200000] [id=14180]
  0x000001f8894ee800 GCTaskThread "GC Thread#0" [stack: 0x000000da82200000,0x000000da82300000] [id=20696]
  0x000001f8a5d3a000 GCTaskThread "GC Thread#1" [stack: 0x000000da83200000,0x000000da83300000] [id=24636]
  0x000001f8a721c000 GCTaskThread "GC Thread#2" [stack: 0x000000da83600000,0x000000da83700000] [id=24020]
  0x000001f8a79ca800 GCTaskThread "GC Thread#3" [stack: 0x000000da83700000,0x000000da83800000] [id=21948]
  0x000001f889520000 ConcurrentGCThread "G1 Main Marker" [stack: 0x000000da82300000,0x000000da82400000] [id=27088]
  0x000001f889521000 ConcurrentGCThread "G1 Conc#0" [stack: 0x000000da82400000,0x000000da82500000] [id=4376]
  0x000001f889565000 ConcurrentGCThread "G1 Refine#0" [stack: 0x000000da82500000,0x000000da82600000] [id=11544]
  0x000001f8a5d3a800 ConcurrentGCThread "G1 Refine#1" [stack: 0x000000da83300000,0x000000da83400000] [id=16280]
  0x000001f889566000 ConcurrentGCThread "G1 Young RemSet Sampling" [stack: 0x000000da82600000,0x000000da82700000] [id=1088]

Threads with active compile tasks:
C2 CompilerThread0    28858 10228       4       org.gradle.internal.event.DefaultListenerManager$EventBroadcast$ListenerDispatch::dispatch (9 bytes)
C2 CompilerThread1    28858 10277       4       org.gradle.internal.logging.sink.OutputEventListenerManager$1::onOutput (33 bytes)

VM state:at safepoint (normal execution)

VM Mutex/Monitor currently owned by a thread:  ([mutex/lock_event])
[0x000001f8894d5c20] Threads_lock - owner thread: 0x000001f8a5834000
[0x000001f8894d5200] Heap_lock - owner thread: 0x000001f8aa25f000

Heap address: 0x0000000080000000, size: 2048 MB, Compressed Oops mode: 32-bit
Narrow klass base: 0x0000000000000000, Narrow klass shift: 3
Compressed class space size: 1073741824 Address: 0x0000000100000000

Heap:
 garbage-first heap   total 219136K, used 92359K [0x0000000080000000, 0x0000000100000000)
  region size 1024K, 4 young (4096K), 4 survivors (4096K)
 Metaspace       used 87876K, capacity 90266K, committed 90416K, reserved 1128448K
  class space    used 11491K, capacity 12392K, committed 12416K, reserved 1048576K
Heap Regions: E=young(eden), S=young(survivor), O=old, HS=humongous(starts), HC=humongous(continues), CS=collection set, F=free, A=archive, TAMS=top-at-mark-start (previous, next)
|   0|0x0000000080000000, 0x0000000080100000, 0x0000000080100000|100%|HS|  |TAMS 0x0000000080100000, 0x0000000080000000| Complete 
|   1|0x0000000080100000, 0x0000000080200000, 0x0000000080200000|100%|HC|  |TAMS 0x0000000080200000, 0x0000000080100000| Complete 
|   2|0x0000000080200000, 0x0000000080300000, 0x0000000080300000|100%|HC|  |TAMS 0x0000000080300000, 0x0000000080200000| Complete 
|   3|0x0000000080300000, 0x0000000080400000, 0x0000000080400000|100%| O|  |TAMS 0x0000000080400000, 0x0000000080300000| Untracked 
|   4|0x0000000080400000, 0x0000000080500000, 0x0000000080500000|100%| O|  |TAMS 0x0000000080500000, 0x0000000080400000| Untracked 
|   5|0x0000000080500000, 0x0000000080600000, 0x0000000080600000|100%| O|  |TAMS 0x0000000080600000, 0x0000000080500000| Untracked 
|   6|0x0000000080600000, 0x0000000080700000, 0x0000000080700000|100%| O|  |TAMS 0x0000000080700000, 0x0000000080600000| Untracked 
|   7|0x0000000080700000, 0x0000000080800000, 0x0000000080800000|100%| O|  |TAMS 0x0000000080800000, 0x0000000080700000| Untracked 
|   8|0x0000000080800000, 0x0000000080900000, 0x0000000080900000|100%| O|  |TAMS 0x0000000080900000, 0x0000000080800000| Untracked 
|   9|0x0000000080900000, 0x0000000080a00000, 0x0000000080a00000|100%| O|  |TAMS 0x0000000080a00000, 0x0000000080900000| Untracked 
|  10|0x0000000080a00000, 0x0000000080b00000, 0x0000000080b00000|100%| O|  |TAMS 0x0000000080b00000, 0x0000000080a00000| Untracked 
|  11|0x0000000080b00000, 0x0000000080c00000, 0x0000000080c00000|100%| O|  |TAMS 0x0000000080c00000, 0x0000000080b00000| Untracked 
|  12|0x0000000080c00000, 0x0000000080d00000, 0x0000000080d00000|100%| O|  |TAMS 0x0000000080d00000, 0x0000000080c00000| Untracked 
|  13|0x0000000080d00000, 0x0000000080e00000, 0x0000000080e00000|100%| O|  |TAMS 0x0000000080e00000, 0x0000000080d00000| Untracked 
|  14|0x0000000080e00000, 0x0000000080f00000, 0x0000000080f00000|100%| O|  |TAMS 0x0000000080f00000, 0x0000000080e00000| Untracked 
|  15|0x0000000080f00000, 0x0000000081000000, 0x0000000081000000|100%| O|  |TAMS 0x0000000081000000, 0x0000000080f00000| Untracked 
|  16|0x0000000081000000, 0x0000000081100000, 0x0000000081100000|100%| O|  |TAMS 0x0000000081100000, 0x0000000081000000| Untracked 
|  17|0x0000000081100000, 0x0000000081200000, 0x0000000081200000|100%| O|  |TAMS 0x0000000081200000, 0x0000000081100000| Untracked 
|  18|0x0000000081200000, 0x0000000081300000, 0x0000000081300000|100%| O|  |TAMS 0x0000000081300000, 0x0000000081200000| Untracked 
|  19|0x0000000081300000, 0x0000000081400000, 0x0000000081400000|100%| O|  |TAMS 0x0000000081400000, 0x0000000081300000| Untracked 
|  20|0x0000000081400000, 0x0000000081500000, 0x0000000081500000|100%| O|  |TAMS 0x0000000081500000, 0x0000000081400000| Untracked 
|  21|0x0000000081500000, 0x0000000081600000, 0x0000000081600000|100%| O|  |TAMS 0x0000000081600000, 0x0000000081500000| Untracked 
|  22|0x0000000081600000, 0x0000000081700000, 0x0000000081700000|100%| O|  |TAMS 0x0000000081700000, 0x0000000081600000| Untracked 
|  23|0x0000000081700000, 0x0000000081800000, 0x0000000081800000|100%| O|  |TAMS 0x0000000081800000, 0x0000000081700000| Untracked 
|  24|0x0000000081800000, 0x0000000081900000, 0x0000000081900000|100%| O|  |TAMS 0x0000000081900000, 0x0000000081800000| Untracked 
|  25|0x0000000081900000, 0x0000000081a00000, 0x0000000081a00000|100%| O|  |TAMS 0x0000000081a00000, 0x0000000081900000| Untracked 
|  26|0x0000000081a00000, 0x0000000081b00000, 0x0000000081b00000|100%| O|  |TAMS 0x0000000081b00000, 0x0000000081a00000| Untracked 
|  27|0x0000000081b00000, 0x0000000081c00000, 0x0000000081c00000|100%| O|  |TAMS 0x0000000081c00000, 0x0000000081b00000| Untracked 
|  28|0x0000000081c00000, 0x0000000081d00000, 0x0000000081d00000|100%| O|  |TAMS 0x0000000081d00000, 0x0000000081c00000| Untracked 
|  29|0x0000000081d00000, 0x0000000081e00000, 0x0000000081e00000|100%| O|  |TAMS 0x0000000081e00000, 0x0000000081d00000| Untracked 
|  30|0x0000000081e00000, 0x0000000081f00000, 0x0000000081f00000|100%| O|  |TAMS 0x0000000081f00000, 0x0000000081e00000| Untracked 
|  31|0x0000000081f00000, 0x0000000082000000, 0x0000000082000000|100%| O|  |TAMS 0x0000000082000000, 0x0000000081f00000| Untracked 
|  32|0x0000000082000000, 0x0000000082100000, 0x0000000082100000|100%|HS|  |TAMS 0x0000000082100000, 0x0000000082000000| Complete 
|  33|0x0000000082100000, 0x0000000082200000, 0x0000000082200000|100%|HS|  |TAMS 0x0000000082200000, 0x0000000082100000| Complete 
|  34|0x0000000082200000, 0x0000000082300000, 0x0000000082300000|100%|HC|  |TAMS 0x0000000082300000, 0x0000000082200000| Complete 
|  35|0x0000000082300000, 0x0000000082400000, 0x0000000082400000|100%| O|  |TAMS 0x0000000082400000, 0x0000000082300000| Untracked 
|  36|0x0000000082400000, 0x0000000082500000, 0x0000000082500000|100%|HS|  |TAMS 0x0000000082500000, 0x0000000082400000| Complete 
|  37|0x0000000082500000, 0x0000000082600000, 0x0000000082600000|100%| O|  |TAMS 0x0000000082600000, 0x0000000082500000| Untracked 
|  38|0x0000000082600000, 0x0000000082700000, 0x0000000082700000|100%| O|  |TAMS 0x0000000082700000, 0x0000000082600000| Untracked 
|  39|0x0000000082700000, 0x0000000082800000, 0x0000000082800000|100%|HS|  |TAMS 0x0000000082800000, 0x0000000082700000| Complete 
|  40|0x0000000082800000, 0x0000000082900000, 0x0000000082900000|100%|HC|  |TAMS 0x0000000082900000, 0x0000000082800000| Complete 
|  41|0x0000000082900000, 0x0000000082a00000, 0x0000000082a00000|100%|HC|  |TAMS 0x0000000082a00000, 0x0000000082900000| Complete 
|  42|0x0000000082a00000, 0x0000000082b00000, 0x0000000082b00000|100%|HC|  |TAMS 0x0000000082b00000, 0x0000000082a00000| Complete 
|  43|0x0000000082b00000, 0x0000000082c00000, 0x0000000082c00000|100%| O|  |TAMS 0x0000000082c00000, 0x0000000082b00000| Untracked 
|  44|0x0000000082c00000, 0x0000000082d00000, 0x0000000082d00000|100%| O|  |TAMS 0x0000000082d00000, 0x0000000082c00000| Untracked 
|  45|0x0000000082d00000, 0x0000000082e00000, 0x0000000082e00000|100%| O|  |TAMS 0x0000000082e00000, 0x0000000082d00000| Untracked 
|  46|0x0000000082e00000, 0x0000000082f00000, 0x0000000082f00000|100%| O|  |TAMS 0x0000000082f00000, 0x0000000082e00000| Untracked 
|  47|0x0000000082f00000, 0x0000000083000000, 0x0000000083000000|100%| O|  |TAMS 0x0000000083000000, 0x0000000082f00000| Untracked 
|  48|0x0000000083000000, 0x0000000083100000, 0x0000000083100000|100%| O|  |TAMS 0x0000000083100000, 0x0000000083000000| Untracked 
|  49|0x0000000083100000, 0x0000000083200000, 0x0000000083200000|100%| O|  |TAMS 0x0000000083200000, 0x0000000083100000| Untracked 
|  50|0x0000000083200000, 0x0000000083300000, 0x0000000083300000|100%| O|  |TAMS 0x0000000083300000, 0x0000000083200000| Untracked 
|  51|0x0000000083300000, 0x0000000083400000, 0x0000000083400000|100%| O|  |TAMS 0x0000000083400000, 0x0000000083300000| Untracked 
|  52|0x0000000083400000, 0x0000000083500000, 0x0000000083500000|100%| O|  |TAMS 0x0000000083500000, 0x0000000083400000| Untracked 
|  53|0x0000000083500000, 0x0000000083600000, 0x0000000083600000|100%| O|  |TAMS 0x0000000083600000, 0x0000000083500000| Untracked 
|  54|0x0000000083600000, 0x0000000083700000, 0x0000000083700000|100%| O|  |TAMS 0x0000000083700000, 0x0000000083600000| Untracked 
|  55|0x0000000083700000, 0x0000000083800000, 0x0000000083800000|100%| O|  |TAMS 0x0000000083800000, 0x0000000083700000| Untracked 
|  56|0x0000000083800000, 0x0000000083900000, 0x0000000083900000|100%| O|  |TAMS 0x0000000083900000, 0x0000000083800000| Untracked 
|  57|0x0000000083900000, 0x0000000083a00000, 0x0000000083a00000|100%| O|  |TAMS 0x0000000083a00000, 0x0000000083900000| Untracked 
|  58|0x0000000083a00000, 0x0000000083b00000, 0x0000000083b00000|100%| O|  |TAMS 0x0000000083b00000, 0x0000000083a00000| Untracked 
|  59|0x0000000083b00000, 0x0000000083c00000, 0x0000000083c00000|100%| O|  |TAMS 0x0000000083c00000, 0x0000000083b00000| Untracked 
|  60|0x0000000083c00000, 0x0000000083d00000, 0x0000000083d00000|100%| O|  |TAMS 0x0000000083d00000, 0x0000000083c00000| Untracked 
|  61|0x0000000083d00000, 0x0000000083e00000, 0x0000000083e00000|100%| O|  |TAMS 0x0000000083e00000, 0x0000000083d00000| Untracked 
|  62|0x0000000083e00000, 0x0000000083f00000, 0x0000000083f00000|100%| O|  |TAMS 0x0000000083f00000, 0x0000000083e00000| Untracked 
|  63|0x0000000083f00000, 0x0000000084000000, 0x0000000084000000|100%| O|  |TAMS 0x0000000084000000, 0x0000000083f00000| Untracked 
|  64|0x0000000084000000, 0x0000000084100000, 0x0000000084100000|100%| O|  |TAMS 0x0000000084100000, 0x0000000084000000| Untracked 
|  65|0x0000000084100000, 0x0000000084200000, 0x0000000084200000|100%| O|  |TAMS 0x0000000084200000, 0x0000000084100000| Untracked 
|  66|0x0000000084200000, 0x0000000084300000, 0x0000000084300000|100%| O|  |TAMS 0x0000000084300000, 0x0000000084200000| Untracked 
|  67|0x0000000084300000, 0x0000000084400000, 0x0000000084400000|100%| O|  |TAMS 0x0000000084400000, 0x0000000084300000| Untracked 
|  68|0x0000000084400000, 0x0000000084500000, 0x0000000084500000|100%| O|  |TAMS 0x0000000084500000, 0x0000000084400000| Untracked 
|  69|0x0000000084500000, 0x0000000084600000, 0x0000000084600000|100%| O|  |TAMS 0x0000000084600000, 0x0000000084500000| Untracked 
|  70|0x0000000084600000, 0x0000000084700000, 0x0000000084700000|100%| O|  |TAMS 0x0000000084700000, 0x0000000084600000| Untracked 
|  71|0x0000000084700000, 0x0000000084800000, 0x0000000084800000|100%| O|  |TAMS 0x0000000084800000, 0x0000000084700000| Untracked 
|  72|0x0000000084800000, 0x0000000084900000, 0x0000000084900000|100%| O|  |TAMS 0x0000000084900000, 0x0000000084800000| Untracked 
|  73|0x0000000084900000, 0x0000000084a00000, 0x0000000084a00000|100%| O|  |TAMS 0x0000000084a00000, 0x0000000084900000| Untracked 
|  74|0x0000000084a00000, 0x0000000084b00000, 0x0000000084b00000|100%| O|  |TAMS 0x0000000084b00000, 0x0000000084a00000| Untracked 
|  75|0x0000000084b00000, 0x0000000084c00000, 0x0000000084c00000|100%| O|  |TAMS 0x0000000084c00000, 0x0000000084b00000| Untracked 
|  76|0x0000000084c00000, 0x0000000084d00000, 0x0000000084d00000|100%| O|  |TAMS 0x0000000084d00000, 0x0000000084c00000| Untracked 
|  77|0x0000000084d00000, 0x0000000084e00000, 0x0000000084e00000|100%| O|  |TAMS 0x0000000084e00000, 0x0000000084d00000| Untracked 
|  78|0x0000000084e00000, 0x0000000084f00000, 0x0000000084f00000|100%| O|  |TAMS 0x0000000084f00000, 0x0000000084e00000| Untracked 
|  79|0x0000000084f00000, 0x0000000085000000, 0x0000000085000000|100%| O|  |TAMS 0x0000000085000000, 0x0000000084f00000| Untracked 
|  80|0x0000000085000000, 0x0000000085100000, 0x0000000085100000|100%| O|  |TAMS 0x0000000085100000, 0x0000000085000000| Untracked 
|  81|0x0000000085100000, 0x0000000085200000, 0x0000000085200000|100%| O|  |TAMS 0x0000000085200000, 0x0000000085100000| Untracked 
|  82|0x0000000085200000, 0x0000000085300000, 0x0000000085300000|100%| O|  |TAMS 0x0000000085200000, 0x0000000085200000| Untracked 
|  83|0x0000000085300000, 0x0000000085400000, 0x0000000085400000|100%| O|  |TAMS 0x0000000085300000, 0x0000000085300000| Untracked 
|  84|0x0000000085400000, 0x0000000085500000, 0x0000000085500000|100%| O|  |TAMS 0x0000000085400000, 0x0000000085400000| Untracked 
|  85|0x0000000085500000, 0x0000000085600000, 0x0000000085600000|100%| O|  |TAMS 0x0000000085500000, 0x0000000085500000| Untracked 
|  86|0x0000000085600000, 0x00000000856f1600, 0x0000000085700000| 94%| O|  |TAMS 0x0000000085600000, 0x0000000085600000| Untracked 
|  87|0x0000000085700000, 0x0000000085700000, 0x0000000085800000|  0%| F|  |TAMS 0x0000000085700000, 0x0000000085700000| Untracked 
|  88|0x0000000085800000, 0x0000000085800000, 0x0000000085900000|  0%| F|  |TAMS 0x0000000085800000, 0x0000000085800000| Untracked 
|  89|0x0000000085900000, 0x0000000085900000, 0x0000000085a00000|  0%| F|  |TAMS 0x0000000085900000, 0x0000000085900000| Untracked 
|  90|0x0000000085a00000, 0x0000000085a00000, 0x0000000085b00000|  0%| F|  |TAMS 0x0000000085a00000, 0x0000000085a00000| Untracked 
|  91|0x0000000085b00000, 0x0000000085b00000, 0x0000000085c00000|  0%| F|  |TAMS 0x0000000085b00000, 0x0000000085b00000| Untracked 
|  92|0x0000000085c00000, 0x0000000085c00000, 0x0000000085d00000|  0%| F|  |TAMS 0x0000000085c00000, 0x0000000085c00000| Untracked 
|  93|0x0000000085d00000, 0x0000000085d00000, 0x0000000085e00000|  0%| F|  |TAMS 0x0000000085d00000, 0x0000000085d00000| Untracked 
|  94|0x0000000085e00000, 0x0000000085e00000, 0x0000000085f00000|  0%| F|  |TAMS 0x0000000085e00000, 0x0000000085e00000| Untracked 
|  95|0x0000000085f00000, 0x0000000085f00000, 0x0000000086000000|  0%| F|  |TAMS 0x0000000085f00000, 0x0000000085f00000| Untracked 
|  96|0x0000000086000000, 0x0000000086000000, 0x0000000086100000|  0%| F|  |TAMS 0x0000000086000000, 0x0000000086000000| Untracked 
|  97|0x0000000086100000, 0x0000000086100000, 0x0000000086200000|  0%| F|  |TAMS 0x0000000086100000, 0x0000000086100000| Untracked 
|  98|0x0000000086200000, 0x0000000086200000, 0x0000000086300000|  0%| F|  |TAMS 0x0000000086200000, 0x0000000086200000| Untracked 
|  99|0x0000000086300000, 0x0000000086300000, 0x0000000086400000|  0%| F|  |TAMS 0x0000000086300000, 0x0000000086300000| Untracked 
| 100|0x0000000086400000, 0x0000000086400000, 0x0000000086500000|  0%| F|  |TAMS 0x0000000086400000, 0x0000000086400000| Untracked 
| 101|0x0000000086500000, 0x0000000086500000, 0x0000000086600000|  0%| F|  |TAMS 0x0000000086500000, 0x0000000086500000| Untracked 
| 102|0x0000000086600000, 0x0000000086600000, 0x0000000086700000|  0%| F|  |TAMS 0x0000000086600000, 0x0000000086600000| Untracked 
| 103|0x0000000086700000, 0x0000000086700000, 0x0000000086800000|  0%| F|  |TAMS 0x0000000086700000, 0x0000000086700000| Untracked 
| 104|0x0000000086800000, 0x0000000086800000, 0x0000000086900000|  0%| F|  |TAMS 0x0000000086800000, 0x0000000086800000| Untracked 
| 105|0x0000000086900000, 0x0000000086900000, 0x0000000086a00000|  0%| F|  |TAMS 0x0000000086900000, 0x0000000086900000| Untracked 
| 106|0x0000000086a00000, 0x0000000086a00000, 0x0000000086b00000|  0%| F|  |TAMS 0x0000000086a00000, 0x0000000086a00000| Untracked 
| 107|0x0000000086b00000, 0x0000000086b00000, 0x0000000086c00000|  0%| F|  |TAMS 0x0000000086b00000, 0x0000000086b00000| Untracked 
| 108|0x0000000086c00000, 0x0000000086c00000, 0x0000000086d00000|  0%| F|  |TAMS 0x0000000086c00000, 0x0000000086c00000| Untracked 
| 109|0x0000000086d00000, 0x0000000086d00000, 0x0000000086e00000|  0%| F|  |TAMS 0x0000000086d00000, 0x0000000086d00000| Untracked 
| 110|0x0000000086e00000, 0x0000000086e00000, 0x0000000086f00000|  0%| F|  |TAMS 0x0000000086e00000, 0x0000000086e00000| Untracked 
| 111|0x0000000086f00000, 0x0000000086f00000, 0x0000000087000000|  0%| F|  |TAMS 0x0000000086f00000, 0x0000000086f00000| Untracked 
| 112|0x0000000087000000, 0x0000000087000000, 0x0000000087100000|  0%| F|  |TAMS 0x0000000087000000, 0x0000000087000000| Untracked 
| 113|0x0000000087100000, 0x0000000087100000, 0x0000000087200000|  0%| F|  |TAMS 0x0000000087100000, 0x0000000087100000| Untracked 
| 114|0x0000000087200000, 0x0000000087240650, 0x0000000087300000| 25%| S|CS|TAMS 0x0000000087200000, 0x0000000087200000| Complete 
| 115|0x0000000087300000, 0x0000000087400000, 0x0000000087400000|100%| S|CS|TAMS 0x0000000087300000, 0x0000000087300000| Complete 
| 116|0x0000000087400000, 0x0000000087500000, 0x0000000087500000|100%| S|CS|TAMS 0x0000000087400000, 0x0000000087400000| Complete 
| 117|0x0000000087500000, 0x0000000087600000, 0x0000000087600000|100%| S|CS|TAMS 0x0000000087500000, 0x0000000087500000| Complete 
| 118|0x0000000087600000, 0x0000000087600000, 0x0000000087700000|  0%| F|  |TAMS 0x0000000087600000, 0x0000000087600000| Untracked 
| 119|0x0000000087700000, 0x0000000087700000, 0x0000000087800000|  0%| F|  |TAMS 0x0000000087700000, 0x0000000087700000| Untracked 
| 120|0x0000000087800000, 0x0000000087800000, 0x0000000087900000|  0%| F|  |TAMS 0x0000000087800000, 0x0000000087800000| Untracked 
| 121|0x0000000087900000, 0x0000000087900000, 0x0000000087a00000|  0%| F|  |TAMS 0x0000000087900000, 0x0000000087900000| Untracked 
| 122|0x0000000087a00000, 0x0000000087a00000, 0x0000000087b00000|  0%| F|  |TAMS 0x0000000087a00000, 0x0000000087a00000| Untracked 
| 123|0x0000000087b00000, 0x0000000087b00000, 0x0000000087c00000|  0%| F|  |TAMS 0x0000000087b00000, 0x0000000087b00000| Untracked 
| 124|0x0000000087c00000, 0x0000000087c00000, 0x0000000087d00000|  0%| F|  |TAMS 0x0000000087c00000, 0x0000000087c00000| Untracked 
| 125|0x0000000087d00000, 0x0000000087d00000, 0x0000000087e00000|  0%| F|  |TAMS 0x0000000087d00000, 0x0000000087d00000| Untracked 
| 126|0x0000000087e00000, 0x0000000087e00000, 0x0000000087f00000|  0%| F|  |TAMS 0x0000000087e00000, 0x0000000087e00000| Untracked 
| 127|0x0000000087f00000, 0x0000000087f00000, 0x0000000088000000|  0%| F|  |TAMS 0x0000000087f00000, 0x0000000087f00000| Untracked 
| 128|0x0000000088000000, 0x0000000088000000, 0x0000000088100000|  0%| F|  |TAMS 0x0000000088000000, 0x0000000088000000| Untracked 
| 129|0x0000000088100000, 0x0000000088100000, 0x0000000088200000|  0%| F|  |TAMS 0x0000000088100000, 0x0000000088100000| Untracked 
| 130|0x0000000088200000, 0x0000000088200000, 0x0000000088300000|  0%| F|  |TAMS 0x0000000088200000, 0x0000000088200000| Untracked 
| 131|0x0000000088300000, 0x0000000088300000, 0x0000000088400000|  0%| F|  |TAMS 0x0000000088300000, 0x0000000088300000| Untracked 
| 132|0x0000000088400000, 0x0000000088400000, 0x0000000088500000|  0%| F|  |TAMS 0x0000000088400000, 0x0000000088400000| Untracked 
| 133|0x0000000088500000, 0x0000000088500000, 0x0000000088600000|  0%| F|  |TAMS 0x0000000088500000, 0x0000000088500000| Untracked 
| 134|0x0000000088600000, 0x0000000088600000, 0x0000000088700000|  0%| F|  |TAMS 0x0000000088600000, 0x0000000088600000| Untracked 
| 135|0x0000000088700000, 0x0000000088700000, 0x0000000088800000|  0%| F|  |TAMS 0x0000000088700000, 0x0000000088700000| Untracked 
| 136|0x0000000088800000, 0x0000000088800000, 0x0000000088900000|  0%| F|  |TAMS 0x0000000088800000, 0x0000000088800000| Untracked 
| 137|0x0000000088900000, 0x0000000088900000, 0x0000000088a00000|  0%| F|  |TAMS 0x0000000088900000, 0x0000000088900000| Untracked 
| 138|0x0000000088a00000, 0x0000000088a00000, 0x0000000088b00000|  0%| F|  |TAMS 0x0000000088a00000, 0x0000000088a00000| Untracked 
| 139|0x0000000088b00000, 0x0000000088b00000, 0x0000000088c00000|  0%| F|  |TAMS 0x0000000088b00000, 0x0000000088b00000| Untracked 
| 140|0x0000000088c00000, 0x0000000088c00000, 0x0000000088d00000|  0%| F|  |TAMS 0x0000000088c00000, 0x0000000088c00000| Untracked 
| 141|0x0000000088d00000, 0x0000000088d00000, 0x0000000088e00000|  0%| F|  |TAMS 0x0000000088d00000, 0x0000000088d00000| Untracked 
| 142|0x0000000088e00000, 0x0000000088e00000, 0x0000000088f00000|  0%| F|  |TAMS 0x0000000088e00000, 0x0000000088e00000| Untracked 
| 143|0x0000000088f00000, 0x0000000088f00000, 0x0000000089000000|  0%| F|  |TAMS 0x0000000088f00000, 0x0000000088f00000| Untracked 
| 144|0x0000000089000000, 0x0000000089000000, 0x0000000089100000|  0%| F|  |TAMS 0x0000000089000000, 0x0000000089000000| Untracked 
| 145|0x0000000089100000, 0x0000000089100000, 0x0000000089200000|  0%| F|  |TAMS 0x0000000089100000, 0x0000000089100000| Untracked 
| 146|0x0000000089200000, 0x0000000089200000, 0x0000000089300000|  0%| F|  |TAMS 0x0000000089200000, 0x0000000089200000| Untracked 
| 147|0x0000000089300000, 0x0000000089300000, 0x0000000089400000|  0%| F|  |TAMS 0x0000000089300000, 0x0000000089300000| Untracked 
| 148|0x0000000089400000, 0x0000000089400000, 0x0000000089500000|  0%| F|  |TAMS 0x0000000089400000, 0x0000000089400000| Untracked 
| 149|0x0000000089500000, 0x0000000089500000, 0x0000000089600000|  0%| F|  |TAMS 0x0000000089500000, 0x0000000089500000| Untracked 
| 150|0x0000000089600000, 0x0000000089600000, 0x0000000089700000|  0%| F|  |TAMS 0x0000000089600000, 0x0000000089600000| Untracked 
| 151|0x0000000089700000, 0x0000000089700000, 0x0000000089800000|  0%| F|  |TAMS 0x0000000089700000, 0x0000000089700000| Untracked 
| 152|0x0000000089800000, 0x0000000089800000, 0x0000000089900000|  0%| F|  |TAMS 0x0000000089800000, 0x0000000089800000| Untracked 
| 153|0x0000000089900000, 0x0000000089900000, 0x0000000089a00000|  0%| F|  |TAMS 0x0000000089900000, 0x0000000089900000| Untracked 
| 154|0x0000000089a00000, 0x0000000089a00000, 0x0000000089b00000|  0%| F|  |TAMS 0x0000000089a00000, 0x0000000089a00000| Untracked 
| 155|0x0000000089b00000, 0x0000000089b00000, 0x0000000089c00000|  0%| F|  |TAMS 0x0000000089b00000, 0x0000000089b00000| Untracked 
| 156|0x0000000089c00000, 0x0000000089c00000, 0x0000000089d00000|  0%| F|  |TAMS 0x0000000089c00000, 0x0000000089c00000| Untracked 
| 157|0x0000000089d00000, 0x0000000089d00000, 0x0000000089e00000|  0%| F|  |TAMS 0x0000000089d00000, 0x0000000089d00000| Untracked 
| 158|0x0000000089e00000, 0x0000000089e00000, 0x0000000089f00000|  0%| F|  |TAMS 0x0000000089e00000, 0x0000000089e00000| Untracked 
| 159|0x0000000089f00000, 0x0000000089f00000, 0x000000008a000000|  0%| F|  |TAMS 0x0000000089f00000, 0x0000000089f00000| Untracked 
| 160|0x000000008a000000, 0x000000008a000000, 0x000000008a100000|  0%| F|  |TAMS 0x000000008a000000, 0x000000008a000000| Untracked 
| 161|0x000000008a100000, 0x000000008a100000, 0x000000008a200000|  0%| F|  |TAMS 0x000000008a100000, 0x000000008a100000| Untracked 
| 162|0x000000008a200000, 0x000000008a200000, 0x000000008a300000|  0%| F|  |TAMS 0x000000008a200000, 0x000000008a200000| Untracked 
| 163|0x000000008a300000, 0x000000008a300000, 0x000000008a400000|  0%| F|  |TAMS 0x000000008a300000, 0x000000008a300000| Untracked 
| 164|0x000000008a400000, 0x000000008a400000, 0x000000008a500000|  0%| F|  |TAMS 0x000000008a400000, 0x000000008a400000| Untracked 

Card table byte_map: [0x000001f89e240000,0x000001f89e640000] _byte_map_base: 0x000001f89de40000

Marking Bits (Prev, Next): (CMBitMap*) 0x000001f889517578, (CMBitMap*) 0x000001f8895175b0
 Prev Bits: [0x000001f89ea40000, 0x000001f8a0a40000)
 Next Bits: [0x000001f8a0a40000, 0x000001f8a2a40000)

Polling page: 0x000001f8895b0000

Metaspace:

Usage:
  Non-class:     76.05 MB capacity,    74.59 MB ( 98%) used,     1.19 MB (  2%) free+waste,   272.06 KB ( <1%) overhead. 
      Class:     12.10 MB capacity,    11.22 MB ( 93%) used,   775.16 KB (  6%) free+waste,   125.38 KB (  1%) overhead. 
       Both:     88.15 MB capacity,    85.82 MB ( 97%) used,     1.95 MB (  2%) free+waste,   397.44 KB ( <1%) overhead. 

Virtual space:
  Non-class space:       78.00 MB reserved,      76.17 MB ( 98%) committed 
      Class space:        1.00 GB reserved,      12.12 MB (  1%) committed 
             Both:        1.08 GB reserved,      88.30 MB (  8%) committed 

Chunk freelists:
   Non-Class:  0 bytes
       Class:  0 bytes
        Both:  0 bytes

MaxMetaspaceSize: 17179869184.00 GB
CompressedClassSpaceSize: 1.00 GB
Initial GC threshold: 20.80 MB
Current GC threshold: 146.33 MB
CDS: off

CodeHeap 'non-profiled nmethods': size=120064Kb used=5364Kb max_used=5364Kb free=114699Kb
 bounds [0x000001f8962d0000, 0x000001f896810000, 0x000001f89d810000]
CodeHeap 'profiled nmethods': size=120000Kb used=20763Kb max_used=20763Kb free=99236Kb
 bounds [0x000001f88eda0000, 0x000001f8901f0000, 0x000001f8962d0000]
CodeHeap 'non-nmethods': size=5696Kb used=2375Kb max_used=2426Kb free=3320Kb
 bounds [0x000001f88e810000, 0x000001f88ea80000, 0x000001f88eda0000]
 total_blobs=11080 nmethods=10177 adapters=813
 compilation: enabled
              stopped_count=0, restarted_count=0
 full_count=0

Compilation events (20 events):
Event: 28.742 Thread 0x000001f8a58a8800 nmethod 10267 0x000001f8901e1010 code [0x000001f8901e11c0, 0x000001f8901e1308]
Event: 28.742 Thread 0x000001f8a58a8800 10268  s    3       sun.nio.ch.ChannelInputStream::read (77 bytes)
Event: 28.743 Thread 0x000001f8a58a8800 nmethod 10268 0x000001f8901e1390 code [0x000001f8901e1600, 0x000001f8901e21d8]
Event: 28.743 Thread 0x000001f8a58a8800 10269   !   3       sun.nio.ch.ChannelInputStream::read (95 bytes)
Event: 28.744 Thread 0x000001f8a58a8800 nmethod 10269 0x000001f8901e2610 code [0x000001f8901e2860, 0x000001f8901e32c8]
Event: 28.746 Thread 0x000001f8a58a8800 10270       3       org.gradle.internal.operations.DefaultBuildOperationQueue::access$910 (12 bytes)
Event: 28.746 Thread 0x000001f8a58a8800 nmethod 10270 0x000001f8901e3690 code [0x000001f8901e3840, 0x000001f8901e3938]
Event: 28.746 Thread 0x000001f8a58a8800 10271       3       org.gradle.api.internal.artifacts.transform.DefaultTransformerInvocationFactory::determineWorkspaceServices (26 bytes)
Event: 28.747 Thread 0x000001f8a58a8800 nmethod 10271 0x000001f8901e3a10 code [0x000001f8901e3c40, 0x000001f8901e4378]
Event: 28.747 Thread 0x000001f8a58a8800 10272       3       org.gradle.internal.execution.impl.DefaultExecutionEngine$1::withIdentityCache (10 bytes)
Event: 28.747 Thread 0x000001f8a58a8800 nmethod 10272 0x000001f8901e4590 code [0x000001f8901e4760, 0x000001f8901e4a38]
Event: 28.747 Thread 0x000001f8a58a8800 10273       3       org.gradle.api.internal.artifacts.transform.DefaultTransformerInvocationFactory$AbstractTransformerExecution$$Lambda$989/0x0000000100bf1440::get$Lambda (9 bytes)
Event: 28.747 Thread 0x000001f8a58a8800 nmethod 10273 0x000001f8901e4b90 code [0x000001f8901e4d60, 0x000001f8901e4fb8]
Event: 28.747 Thread 0x000001f8a58a8800 10274       3       org.gradle.api.internal.artifacts.transform.DefaultTransformerInvocationFactory$AbstractTransformerExecution$$Lambda$989/0x0000000100bf1440::getValue (10 bytes)
Event: 28.747 Thread 0x000001f8a58a8800 nmethod 10274 0x000001f8901e5090 code [0x000001f8901e5240, 0x000001f8901e5408]
Event: 28.747 Thread 0x000001f8a58a8800 10275       3       org.gradle.api.internal.artifacts.transform.DefaultTransformerInvocationFactory$AbstractTransformerExecution::lambda$visitIdentityInputs$0 (35 bytes)
Event: 28.747 Thread 0x000001f8a58a8800 nmethod 10275 0x000001f8901e5510 code [0x000001f8901e5720, 0x000001f8901e5b88]
Event: 28.747 Thread 0x000001f8a58a8800 10276       3       org.gradle.api.internal.artifacts.transform.DefaultTransformerInvocationFactory$ImmutableTransformerExecution::identify (57 bytes)
Event: 28.748 Thread 0x000001f8a58a8800 nmethod 10276 0x000001f8901e5d10 code [0x000001f8901e5f60, 0x000001f8901e6b28]
Event: 28.749 Thread 0x000001f8ae1c8000 10277       4       org.gradle.internal.logging.sink.OutputEventListenerManager$1::onOutput (33 bytes)

GC Heap History (20 events):
Event: 21.795 GC heap after
{Heap after GC invocations=45 (full 0):
 garbage-first heap   total 116736K, used 60665K [0x0000000080000000, 0x0000000100000000)
  region size 1024K, 3 young (3072K), 3 survivors (3072K)
 Metaspace       used 64133K, capacity 65689K, committed 65840K, reserved 1105920K
  class space    used 8114K, capacity 8727K, committed 8832K, reserved 1048576K
}
Event: 22.262 GC heap before
{Heap before GC invocations=46 (full 0):
 garbage-first heap   total 116736K, used 87289K [0x0000000080000000, 0x0000000100000000)
  region size 1024K, 29 young (29696K), 3 survivors (3072K)
 Metaspace       used 66561K, capacity 68179K, committed 68400K, reserved 1107968K
  class space    used 8431K, capacity 9079K, committed 9088K, reserved 1048576K
}
Event: 22.269 GC heap after
{Heap after GC invocations=47 (full 0):
 garbage-first heap   total 116736K, used 60866K [0x0000000080000000, 0x0000000100000000)
  region size 1024K, 3 young (3072K), 3 survivors (3072K)
 Metaspace       used 66561K, capacity 68179K, committed 68400K, reserved 1107968K
  class space    used 8431K, capacity 9079K, committed 9088K, reserved 1048576K
}
Event: 22.640 GC heap before
{Heap before GC invocations=47 (full 0):
 garbage-first heap   total 116736K, used 88514K [0x0000000080000000, 0x0000000100000000)
  region size 1024K, 30 young (30720K), 3 survivors (3072K)
 Metaspace       used 68266K, capacity 69876K, committed 70192K, reserved 1110016K
  class space    used 8643K, capacity 9252K, committed 9344K, reserved 1048576K
}
Event: 22.648 GC heap after
{Heap after GC invocations=48 (full 0):
 garbage-first heap   total 140288K, used 63187K [0x0000000080000000, 0x0000000100000000)
  region size 1024K, 4 young (4096K), 4 survivors (4096K)
 Metaspace       used 68266K, capacity 69876K, committed 70192K, reserved 1110016K
  class space    used 8643K, capacity 9252K, committed 9344K, reserved 1048576K
}
Event: 22.870 GC heap before
{Heap before GC invocations=49 (full 0):
 garbage-first heap   total 140288K, used 99027K [0x0000000080000000, 0x0000000100000000)
  region size 1024K, 39 young (39936K), 4 survivors (4096K)
 Metaspace       used 68446K, capacity 70070K, committed 70192K, reserved 1110016K
  class space    used 8664K, capacity 9318K, committed 9344K, reserved 1048576K
}
Event: 22.878 GC heap after
{Heap after GC invocations=50 (full 0):
 garbage-first heap   total 140288K, used 65506K [0x0000000080000000, 0x0000000100000000)
  region size 1024K, 5 young (5120K), 5 survivors (5120K)
 Metaspace       used 68446K, capacity 70070K, committed 70192K, reserved 1110016K
  class space    used 8664K, capacity 9318K, committed 9344K, reserved 1048576K
}
Event: 23.678 GC heap before
{Heap before GC invocations=50 (full 0):
 garbage-first heap   total 140288K, used 106466K [0x0000000080000000, 0x0000000100000000)
  region size 1024K, 45 young (46080K), 5 survivors (5120K)
 Metaspace       used 73042K, capacity 74724K, committed 74928K, reserved 1114112K
  class space    used 9458K, capacity 10143K, committed 10240K, reserved 1048576K
}
Event: 23.688 GC heap after
{Heap after GC invocations=51 (full 0):
 garbage-first heap   total 140288K, used 67680K [0x0000000080000000, 0x0000000100000000)
  region size 1024K, 5 young (5120K), 5 survivors (5120K)
 Metaspace       used 73042K, capacity 74724K, committed 74928K, reserved 1114112K
  class space    used 9458K, capacity 10143K, committed 10240K, reserved 1048576K
}
Event: 24.367 GC heap before
{Heap before GC invocations=51 (full 0):
 garbage-first heap   total 140288K, used 108640K [0x0000000080000000, 0x0000000100000000)
  region size 1024K, 45 young (46080K), 5 survivors (5120K)
 Metaspace       used 76841K, capacity 78637K, committed 78768K, reserved 1118208K
  class space    used 9987K, capacity 10727K, committed 10752K, reserved 1048576K
}
Event: 24.380 GC heap after
{Heap after GC invocations=52 (full 0):
 garbage-first heap   total 140288K, used 70150K [0x0000000080000000, 0x0000000100000000)
  region size 1024K, 5 young (5120K), 5 survivors (5120K)
 Metaspace       used 76841K, capacity 78637K, committed 78768K, reserved 1118208K
  class space    used 9987K, capacity 10727K, committed 10752K, reserved 1048576K
}
Event: 24.998 GC heap before
{Heap before GC invocations=53 (full 0):
 garbage-first heap   total 140288K, used 111110K [0x0000000080000000, 0x0000000100000000)
  region size 1024K, 45 young (46080K), 5 survivors (5120K)
 Metaspace       used 80067K, capacity 81949K, committed 82096K, reserved 1120256K
  class space    used 10483K, capacity 11217K, committed 11264K, reserved 1048576K
}
Event: 25.019 GC heap after
{Heap after GC invocations=54 (full 0):
 garbage-first heap   total 168960K, used 72340K [0x0000000080000000, 0x0000000100000000)
  region size 1024K, 5 young (5120K), 5 survivors (5120K)
 Metaspace       used 80067K, capacity 81949K, committed 82096K, reserved 1120256K
  class space    used 10483K, capacity 11217K, committed 11264K, reserved 1048576K
}
Event: 26.092 GC heap before
{Heap before GC invocations=54 (full 0):
 garbage-first heap   total 168960K, used 125588K [0x0000000080000000, 0x0000000100000000)
  region size 1024K, 57 young (58368K), 5 survivors (5120K)
 Metaspace       used 84583K, capacity 86492K, committed 86576K, reserved 1124352K
  class space    used 11023K, capacity 11820K, committed 11904K, reserved 1048576K
}
Event: 26.108 GC heap after
{Heap after GC invocations=55 (full 0):
 garbage-first heap   total 168960K, used 76932K [0x0000000080000000, 0x0000000100000000)
  region size 1024K, 7 young (7168K), 7 survivors (7168K)
 Metaspace       used 84583K, capacity 86492K, committed 86576K, reserved 1124352K
  class space    used 11023K, capacity 11820K, committed 11904K, reserved 1048576K
}
Event: 26.462 GC heap before
{Heap before GC invocations=55 (full 0):
 garbage-first heap   total 168960K, used 132228K [0x0000000080000000, 0x0000000100000000)
  region size 1024K, 61 young (62464K), 7 survivors (7168K)
 Metaspace       used 85198K, capacity 87285K, committed 87472K, reserved 1124352K
  class space    used 11094K, capacity 11909K, committed 12032K, reserved 1048576K
}
Event: 26.478 GC heap after
{Heap after GC invocations=56 (full 0):
 garbage-first heap   total 168960K, used 83748K [0x0000000080000000, 0x0000000100000000)
  region size 1024K, 7 young (7168K), 7 survivors (7168K)
 Metaspace       used 85198K, capacity 87285K, committed 87472K, reserved 1124352K
  class space    used 11094K, capacity 11909K, committed 12032K, reserved 1048576K
}
Event: 27.633 GC heap before
{Heap before GC invocations=56 (full 0):
 garbage-first heap   total 168960K, used 134948K [0x0000000080000000, 0x0000000100000000)
  region size 1024K, 58 young (59392K), 7 survivors (7168K)
 Metaspace       used 87473K, capacity 89759K, committed 89904K, reserved 1126400K
  class space    used 11482K, capacity 12384K, committed 12416K, reserved 1048576K
}
Event: 27.656 GC heap after
{Heap after GC invocations=57 (full 0):
 garbage-first heap   total 168960K, used 89417K [0x0000000080000000, 0x0000000100000000)
  region size 1024K, 6 young (6144K), 6 survivors (6144K)
 Metaspace       used 87473K, capacity 89759K, committed 89904K, reserved 1126400K
  class space    used 11482K, capacity 12384K, committed 12416K, reserved 1048576K
}
Event: 28.750 GC heap before
{Heap before GC invocations=58 (full 0):
 garbage-first heap   total 168960K, used 136521K [0x0000000080000000, 0x0000000100000000)
  region size 1024K, 53 young (54272K), 6 survivors (6144K)
 Metaspace       used 87876K, capacity 90266K, committed 90416K, reserved 1128448K
  class space    used 11491K, capacity 12392K, committed 12416K, reserved 1048576K
}

Deoptimization events (20 events):
Event: 28.511 Thread 0x000001f8ac9e0800 DEOPT PACKING pc=0x000001f8967b3354 sp=0x000000da87cfc2b0
Event: 28.511 Thread 0x000001f8ac9e0800 DEOPT UNPACKING pc=0x000001f88e85a1af sp=0x000000da87cfc228 mode 2
Event: 28.641 Thread 0x000001f8a891b000 Uncommon trap: trap_request=0xffffffd6 fr.pc=0x000001f8967ff2dc relative=0x000000000000071c
Event: 28.641 Thread 0x000001f8a891b000 Uncommon trap: reason=array_check action=maybe_recompile pc=0x000001f8967ff2dc method=java.util.TimSort.binarySort([Ljava/lang/Object;IIILjava/util/Comparator;)V @ 215 c2
Event: 28.641 Thread 0x000001f8a891b000 DEOPT PACKING pc=0x000001f8967ff2dc sp=0x000000da858fd660
Event: 28.641 Thread 0x000001f8a891b000 DEOPT UNPACKING pc=0x000001f88e85a1af sp=0x000000da858fd608 mode 2
Event: 28.642 Thread 0x000001f8a891b000 Uncommon trap: trap_request=0xffffffd6 fr.pc=0x000001f8967ff2dc relative=0x000000000000071c
Event: 28.642 Thread 0x000001f8a891b000 Uncommon trap: reason=array_check action=maybe_recompile pc=0x000001f8967ff2dc method=java.util.TimSort.binarySort([Ljava/lang/Object;IIILjava/util/Comparator;)V @ 215 c2
Event: 28.642 Thread 0x000001f8a891b000 DEOPT PACKING pc=0x000001f8967ff2dc sp=0x000000da858fd200
Event: 28.642 Thread 0x000001f8a891b000 DEOPT UNPACKING pc=0x000001f88e85a1af sp=0x000000da858fd1a8 mode 2
Event: 28.649 Thread 0x000001f8a6b88000 Uncommon trap: trap_request=0xfffffff4 fr.pc=0x000001f896803e50 relative=0x00000000000001f0
Event: 28.649 Thread 0x000001f8a6b88000 Uncommon trap: reason=null_check action=make_not_entrant pc=0x000001f896803e50 method=org.gradle.tooling.internal.provider.runner.ClientBuildEventGenerator$Enabled.accept(Lorg/gradle/internal/operations/BuildOperationDescriptor;)Lorg/gradle/tooling/intern
Event: 28.649 Thread 0x000001f8a6b88000 DEOPT PACKING pc=0x000001f896803e50 sp=0x000000da853fe3f0
Event: 28.649 Thread 0x000001f8a6b88000 DEOPT UNPACKING pc=0x000001f88e85a1af sp=0x000000da853fe378 mode 2
Event: 28.667 Thread 0x000001f8aa25b000 Uncommon trap: trap_request=0xfffffff4 fr.pc=0x000001f896805a9c relative=0x0000000000000e1c
Event: 28.667 Thread 0x000001f8aa25b000 Uncommon trap: reason=null_check action=make_not_entrant pc=0x000001f896805a9c method=org.gradle.tooling.internal.provider.runner.ClientBuildEventGenerator$Enabled.accept(Lorg/gradle/internal/operations/BuildOperationDescriptor;)Lorg/gradle/tooling/intern
Event: 28.667 Thread 0x000001f8aa25b000 DEOPT PACKING pc=0x000001f896805a9c sp=0x000000da877fe350
Event: 28.667 Thread 0x000001f8aa25b000 DEOPT UNPACKING pc=0x000001f88e85a1af sp=0x000000da877fe218 mode 2
Event: 28.688 Thread 0x000001f8aa25d800 DEOPT PACKING pc=0x000001f88fe109c4 sp=0x000000da875fd340
Event: 28.688 Thread 0x000001f8aa25d800 DEOPT UNPACKING pc=0x000001f88e85a95e sp=0x000000da875fc8e0 mode 0

Classes redefined (0 events):
No events

Internal exceptions (20 events):
Event: 26.696 Thread 0x000001f8a5f8a000 Exception <a 'java/lang/NoSuchMethodError'{0x0000000089097f30}: <clinit>> (0x0000000089097f30) thrown at [src/hotspot/share/prims/jni.cpp, line 1367]
Event: 26.721 Thread 0x000001f8ac9e0800 Exception <a 'java/lang/IncompatibleClassChangeError'{0x00000000890e5f30}: Found class java.lang.Object, but interface was expected> (0x00000000890e5f30) thrown at [src/hotspot/share/interpreter/linkResolver.cpp, line 839]
Event: 26.808 Thread 0x000001f8ac9e0800 Exception <a 'java/lang/IncompatibleClassChangeError'{0x0000000088d14ba0}: Found class java.lang.Object, but interface was expected> (0x0000000088d14ba0) thrown at [src/hotspot/share/interpreter/linkResolver.cpp, line 839]
Event: 26.846 Thread 0x000001f8ac9e0800 Exception <a 'java/lang/NoSuchMethodError'{0x0000000088b6ece8}: 'int java.lang.invoke.DirectMethodHandle$Holder.invokeStaticInit(java.lang.Object, java.lang.Object, java.lang.Object, java.lang.Object, java.lang.Object)'> (0x0000000088b6ece8) thrown at [src/hotspot/share/interpreter/linkResolver.cpp, line 773]
Event: 26.874 Thread 0x000001f8a5f8a000 Exception <a 'java/lang/NoSuchMethodError'{0x00000000889095e8}: <clinit>> (0x00000000889095e8) thrown at [src/hotspot/share/prims/jni.cpp, line 1367]
Event: 26.877 Thread 0x000001f8a5f8a000 Exception <a 'java/lang/NoSuchMethodError'{0x000000008891d138}: <clinit>> (0x000000008891d138) thrown at [src/hotspot/share/prims/jni.cpp, line 1367]
Event: 26.877 Thread 0x000001f8a5f8a000 Exception <a 'java/lang/NoSuchMethodError'{0x000000008891e8b8}: <clinit>> (0x000000008891e8b8) thrown at [src/hotspot/share/prims/jni.cpp, line 1367]
Event: 26.943 Thread 0x000001f8aa25e000 Exception <a 'java/lang/NoSuchMethodError'{0x00000000887d9a98}: <clinit>> (0x00000000887d9a98) thrown at [src/hotspot/share/prims/jni.cpp, line 1367]
Event: 26.953 Thread 0x000001f8aa25e000 Exception <a 'java/lang/NoSuchMethodError'{0x00000000887ef080}: <clinit>> (0x00000000887ef080) thrown at [src/hotspot/share/prims/jni.cpp, line 1367]
Event: 26.962 Thread 0x000001f8aa25e000 Exception <a 'java/lang/NoSuchMethodError'{0x0000000088611e00}: <clinit>> (0x0000000088611e00) thrown at [src/hotspot/share/prims/jni.cpp, line 1367]
Event: 26.965 Thread 0x000001f8aa25e000 Exception <a 'java/lang/NoSuchMethodError'{0x000000008861b540}: 'void java.lang.invoke.DirectMethodHandle$Holder.invokeSpecial(java.lang.Object, java.lang.Object, java.lang.Object, int)'> (0x000000008861b540) thrown at [src/hotspot/share/interpreter/linkResolver.cpp, line 773]
Event: 26.993 Thread 0x000001f8a5f8a000 Exception <a 'java/lang/NoSuchMethodError'{0x00000000886dc978}: <clinit>> (0x00000000886dc978) thrown at [src/hotspot/share/prims/jni.cpp, line 1367]
Event: 27.032 Thread 0x000001f8ac9e0800 Exception <a 'java/lang/NoSuchMethodError'{0x00000000885225d0}: 'int java.lang.invoke.DirectMethodHandle$Holder.invokeSpecial(java.lang.Object, java.lang.Object, java.lang.Object, java.lang.Object, java.lang.Object)'> (0x00000000885225d0) thrown at [src/hotspot/share/interpreter/linkResolver.cpp, line 773]
Event: 27.497 Thread 0x000001f8ac9e0800 Exception <a 'java/lang/NoSuchMethodError'{0x0000000087c50440}: 'void java.lang.invoke.DirectMethodHandle$Holder.invokeStatic(java.lang.Object, java.lang.Object, java.lang.Object, java.lang.Object, int, java.lang.Object, java.lang.Object)'> (0x0000000087c50440) thrown at [src/hotspot/share/interpreter/linkResolver.cpp, line 773]
Event: 27.546 Thread 0x000001f8a6b89800 Exception <a 'java/lang/NoSuchMethodError'{0x00000000877a5f98}: 'java.lang.Object java.lang.invoke.DirectMethodHandle$Holder.invokeSpecialIFC(java.lang.Object, java.lang.Object, java.lang.Object)'> (0x00000000877a5f98) thrown at [src/hotspot/share/interpreter/linkResolver.cpp, line 773]
Event: 27.546 Thread 0x000001f8a6b86000 Exception <a 'java/lang/NoSuchMethodError'{0x000000008778ca28}: 'java.lang.Object java.lang.invoke.DirectMethodHandle$Holder.invokeSpecialIFC(java.lang.Object, java.lang.Object, java.lang.Object)'> (0x000000008778ca28) thrown at [src/hotspot/share/interpreter/linkResolver.cpp, line 773]
Event: 27.546 Thread 0x000001f8ac9e0800 Exception <a 'java/lang/NoSuchMethodError'{0x00000000877c0c80}: 'java.lang.Object java.lang.invoke.DirectMethodHandle$Holder.invokeSpecialIFC(java.lang.Object, java.lang.Object, java.lang.Object)'> (0x00000000877c0c80) thrown at [src/hotspot/share/interpreter/linkResolver.cpp, line 773]
Event: 28.064 Thread 0x000001f8a6b86000 Implicit null exception at 0x000001f8967c045b to 0x000001f8967c04ec
Event: 28.649 Thread 0x000001f8a6b88000 Implicit null exception at 0x000001f896803ca4 to 0x000001f896803e44
Event: 28.667 Thread 0x000001f8aa25b000 Implicit null exception at 0x000001f896805211 to 0x000001f896805a8c

Events (20 events):
Event: 28.626 loading class org/gradle/internal/snapshot/FileSystemLocationSnapshot done
Event: 28.626 loading class org/gradle/internal/fingerprint/impl/RelativePathFingerprintingStrategy
Event: 28.626 loading class org/gradle/internal/fingerprint/impl/RelativePathFingerprintingStrategy done
Event: 28.627 loading class org/gradle/internal/snapshot/ChildMap$Entry
Event: 28.627 loading class org/gradle/internal/snapshot/ChildMap$Entry done
Event: 28.627 loading class org/gradle/internal/snapshot/RelativePathTracker
Event: 28.627 loading class org/gradle/internal/snapshot/RelativePathTracker done
Event: 28.627 loading class org/gradle/internal/snapshot/FileSystemLocationSnapshot
Event: 28.627 loading class org/gradle/internal/snapshot/FileSystemLocationSnapshot done
Event: 28.627 loading class org/gradle/internal/snapshot/RelativePathTracker
Event: 28.627 loading class org/gradle/internal/snapshot/RelativePathTracker done
Event: 28.640 loading class org/gradle/api/internal/artifacts/transform/TransformationResult$Builder$PartOfInputArtifact
Event: 28.640 loading class org/gradle/api/internal/artifacts/transform/TransformationResult$Builder$PartOfInputArtifact done
Event: 28.668 Executing VM operation: RevokeBias
Event: 28.669 Executing VM operation: RevokeBias done
Event: 28.672 Executing VM operation: RevokeBias
Event: 28.672 Executing VM operation: RevokeBias done
Event: 28.693 Executing VM operation: RevokeBias
Event: 28.693 Executing VM operation: RevokeBias done
Event: 28.750 Executing VM operation: G1CollectForAllocation


Dynamic libraries:
0x00007ff759ea0000 - 0x00007ff759eaa000 	C:\Program Files\Android\Android Studio\jbr\bin\java.exe
0x00007ffbc5b10000 - 0x00007ffbc5d08000 	C:\Windows\SYSTEM32\ntdll.dll
0x00007ffbc55e0000 - 0x00007ffbc569f000 	C:\Windows\System32\KERNEL32.DLL
0x00007ffbc35d0000 - 0x00007ffbc38a2000 	C:\Windows\System32\KERNELBASE.dll
0x00007ffbc3a60000 - 0x00007ffbc3b60000 	C:\Windows\System32\ucrtbase.dll
0x00007ffba3800000 - 0x00007ffba381b000 	C:\Program Files\Android\Android Studio\jbr\bin\VCRUNTIME140.dll
0x00007ffb7c640000 - 0x00007ffb7c657000 	C:\Program Files\Android\Android Studio\jbr\bin\jli.dll
0x00007ffbc5300000 - 0x00007ffbc54a1000 	C:\Windows\System32\USER32.dll
0x00007ffbc3210000 - 0x00007ffbc3232000 	C:\Windows\System32\win32u.dll
0x00007ffbb3b20000 - 0x00007ffbb3dba000 	C:\Windows\WinSxS\amd64_microsoft.windows.common-controls_6595b64144ccf1df_6.0.19041.1110_none_60b5254171f9507e\COMCTL32.dll
0x00007ffbc5110000 - 0x00007ffbc513b000 	C:\Windows\System32\GDI32.dll
0x00007ffbc38b0000 - 0x00007ffbc39bf000 	C:\Windows\System32\gdi32full.dll
0x00007ffbc3290000 - 0x00007ffbc332d000 	C:\Windows\System32\msvcp_win.dll
0x00007ffbc5950000 - 0x00007ffbc59ee000 	C:\Windows\System32\msvcrt.dll
0x00007ffbc3b70000 - 0x00007ffbc3ba0000 	C:\Windows\System32\IMM32.DLL
0x00007ffbbc980000 - 0x00007ffbbc98c000 	C:\Program Files\Android\Android Studio\jbr\bin\vcruntime140_1.dll
0x00007ffb69980000 - 0x00007ffb69a0d000 	C:\Program Files\Android\Android Studio\jbr\bin\msvcp140.dll
0x00007ffb213b0000 - 0x00007ffb21f6c000 	C:\Program Files\Android\Android Studio\jbr\bin\server\jvm.dll
0x00007ffbc4fb0000 - 0x00007ffbc505e000 	C:\Windows\System32\ADVAPI32.dll
0x00007ffbc4750000 - 0x00007ffbc47ec000 	C:\Windows\System32\sechost.dll
0x00007ffbc5820000 - 0x00007ffbc5944000 	C:\Windows\System32\RPCRT4.dll
0x00007ffbc3b60000 - 0x00007ffbc3b68000 	C:\Windows\System32\PSAPI.DLL
0x00007ffbbda20000 - 0x00007ffbbda29000 	C:\Windows\SYSTEM32\WSOCK32.dll
0x00007ffbb8ec0000 - 0x00007ffbb8ee7000 	C:\Windows\SYSTEM32\WINMM.dll
0x00007ffbc47f0000 - 0x00007ffbc485b000 	C:\Windows\System32\WS2_32.dll
0x00007ffbb8ef0000 - 0x00007ffbb8efa000 	C:\Windows\SYSTEM32\VERSION.dll
0x00007ffbc1a60000 - 0x00007ffbc1a72000 	C:\Windows\SYSTEM32\kernel.appcore.dll
0x00007ffbbd9e0000 - 0x00007ffbbd9f0000 	C:\Program Files\Android\Android Studio\jbr\bin\verify.dll
0x00007ffbb7600000 - 0x00007ffbb77e4000 	C:\Windows\SYSTEM32\DBGHELP.DLL
0x00007ffbb74e0000 - 0x00007ffbb7515000 	C:\Windows\SYSTEM32\dbgcore.DLL
0x00007ffbc3330000 - 0x00007ffbc33b2000 	C:\Windows\System32\bcryptPrimitives.dll
0x00007ffba37d0000 - 0x00007ffba37f8000 	C:\Program Files\Android\Android Studio\jbr\bin\java.dll
0x00007ffbba860000 - 0x00007ffbba86a000 	C:\Program Files\Android\Android Studio\jbr\bin\jimage.dll
0x00007ffba51e0000 - 0x00007ffba51f8000 	C:\Program Files\Android\Android Studio\jbr\bin\zip.dll
0x00007ffbc4860000 - 0x00007ffbc4fa5000 	C:\Windows\System32\SHELL32.dll
0x00007ffbc1140000 - 0x00007ffbc18d2000 	C:\Windows\SYSTEM32\windows.storage.dll
0x00007ffbc4320000 - 0x00007ffbc4675000 	C:\Windows\System32\combase.dll
0x00007ffbc2b90000 - 0x00007ffbc2bc0000 	C:\Windows\SYSTEM32\Wldp.dll
0x00007ffbc5060000 - 0x00007ffbc510d000 	C:\Windows\System32\SHCORE.dll
0x00007ffbc57c0000 - 0x00007ffbc5815000 	C:\Windows\System32\shlwapi.dll
0x00007ffbc3150000 - 0x00007ffbc316f000 	C:\Windows\SYSTEM32\profapi.dll
0x00007ffba35d0000 - 0x00007ffba35e9000 	C:\Program Files\Android\Android Studio\jbr\bin\net.dll
0x00007ffbb8270000 - 0x00007ffbb837a000 	C:\Windows\SYSTEM32\WINHTTP.dll
0x00007ffbc28f0000 - 0x00007ffbc295a000 	C:\Windows\system32\mswsock.dll
0x00007ffb7c200000 - 0x00007ffb7c213000 	C:\Program Files\Android\Android Studio\jbr\bin\nio.dll
0x00007ffb7d6a0000 - 0x00007ffb7d6c7000 	C:\Users\\.gradle\native\e1d6ef7f7dcc3fd88c89a11ec53ec762bb8ba0a96d01ffa2cd45eb1d1d8dd5c5\windows-amd64\native-platform.dll
0x00007ffb634e0000 - 0x00007ffb63624000 	C:\Users\\.gradle\native\0d407fdbe67a94daf76414ababcb853783967236a71b16ec16e742cd7a986fd3\windows-amd64\native-platform-file-events.dll
0x00007ffbba850000 - 0x00007ffbba85a000 	C:\Program Files\Android\Android Studio\jbr\bin\management.dll
0x00007ffbba730000 - 0x00007ffbba73b000 	C:\Program Files\Android\Android Studio\jbr\bin\management_ext.dll
0x00007ffbc2ae0000 - 0x00007ffbc2af8000 	C:\Windows\SYSTEM32\CRYPTSP.dll
0x00007ffbc2210000 - 0x00007ffbc2244000 	C:\Windows\system32\rsaenh.dll
0x00007ffbc39c0000 - 0x00007ffbc39e7000 	C:\Windows\System32\bcrypt.dll
0x00007ffbc30d0000 - 0x00007ffbc30fe000 	C:\Windows\SYSTEM32\USERENV.dll
0x00007ffbc2b00000 - 0x00007ffbc2b0c000 	C:\Windows\SYSTEM32\CRYPTBASE.dll
0x00007ffbc25e0000 - 0x00007ffbc261b000 	C:\Windows\SYSTEM32\IPHLPAPI.DLL
0x00007ffbc4310000 - 0x00007ffbc4318000 	C:\Windows\System32\NSI.dll
0x00007ffbb8860000 - 0x00007ffbb8877000 	C:\Windows\SYSTEM32\dhcpcsvc6.DLL
0x00007ffbb8d70000 - 0x00007ffbb8d8d000 	C:\Windows\SYSTEM32\dhcpcsvc.DLL
0x00007ffbc2620000 - 0x00007ffbc26eb000 	C:\Windows\SYSTEM32\DNSAPI.dll
0x00007ffb47130000 - 0x00007ffb47147000 	C:\Windows\system32\napinsp.dll
0x00007ffb4aa30000 - 0x00007ffb4aa4b000 	C:\Windows\system32\pnrpnsp.dll
0x00007ffbbcf10000 - 0x00007ffbbcf25000 	C:\Windows\system32\wshbth.dll
0x00007ffbbe3c0000 - 0x00007ffbbe3dd000 	C:\Windows\system32\NLAapi.dll
0x00007ffb4a8d0000 - 0x00007ffb4a8e2000 	C:\Windows\System32\winrnr.dll
0x00007ffbb7350000 - 0x00007ffbb735a000 	C:\Windows\System32\rasadhlp.dll
0x00007ffbb4b00000 - 0x00007ffbb4b80000 	C:\Windows\System32\fwpuclnt.dll

dbghelp: loaded successfully - version: 4.0.5 - missing functions: none
symbol engine: initialized successfully - sym options: 0x614 - pdb path: .;C:\Program Files\Android\Android Studio\jbr\bin;C:\Windows\SYSTEM32;C:\Windows\WinSxS\amd64_microsoft.windows.common-controls_6595b64144ccf1df_6.0.19041.1110_none_60b5254171f9507e;C:\Program Files\Android\Android Studio\jbr\bin\server;C:\Users\\.gradle\native\e1d6ef7f7dcc3fd88c89a11ec53ec762bb8ba0a96d01ffa2cd45eb1d1d8dd5c5\windows-amd64;C:\Users\\.gradle\native\0d407fdbe67a94daf76414ababcb853783967236a71b16ec16e742cd7a986fd3\windows-amd64

VM Arguments:
jvm_args: --add-opens=java.base/java.util=ALL-UNNAMED --add-opens=java.base/java.lang=ALL-UNNAMED --add-opens=java.base/java.lang.invoke=ALL-UNNAMED --add-opens=java.base/java.util=ALL-UNNAMED --add-opens=java.prefs/java.util.prefs=ALL-UNNAMED --add-opens=java.prefs/java.util.prefs=ALL-UNNAMED --add-opens=java.base/java.nio.charset=ALL-UNNAMED --add-opens=java.base/java.net=ALL-UNNAMED --add-opens=java.base/java.util.concurrent.atomic=ALL-UNNAMED -Xmx2048m -Dfile.encoding=UTF-8 -Duser.country=RU -Duser.language=ru -Duser.variant 
java_command: org.gradle.launcher.daemon.bootstrap.GradleDaemon 7.5
java_class_path (initial): C:\Users\\.gradle\wrapper\dists\gradle-7.5-bin\f1w0cc9nuo0eivz97x2xlu9sv\gradle-7.5\lib\gradle-launcher-7.5.jar
Launcher Type: SUN_STANDARD

[Global flags]
     intx CICompilerCount                          = 3                                         {product} {ergonomic}
     uint ConcGCThreads                            = 1                                         {product} {ergonomic}
     uint G1ConcRefinementThreads                  = 4                                         {product} {ergonomic}
   size_t G1HeapRegionSize                         = 1048576                                   {product} {ergonomic}
    uintx GCDrainStackTargetSize                   = 64                                        {product} {ergonomic}
   size_t InitialHeapSize                          = 54525952                                  {product} {ergonomic}
   size_t MarkStackSize                            = 4194304                                   {product} {ergonomic}
   size_t MaxHeapSize                              = 2147483648                                {product} {command line}
   size_t MaxNewSize                               = 1287651328                                {product} {ergonomic}
   size_t MinHeapDeltaBytes                        = 1048576                                   {product} {ergonomic}
    uintx NonNMethodCodeHeapSize                   = 5830732                                {pd product} {ergonomic}
    uintx NonProfiledCodeHeapSize                  = 122913754                              {pd product} {ergonomic}
    uintx ProfiledCodeHeapSize                     = 122913754                              {pd product} {ergonomic}
    uintx ReservedCodeCacheSize                    = 251658240                              {pd product} {ergonomic}
     bool SegmentedCodeCache                       = true                                      {product} {ergonomic}
     bool UseCompressedClassPointers               = true                                 {lp64_product} {ergonomic}
     bool UseCompressedOops                        = true                                 {lp64_product} {ergonomic}
     bool UseG1GC                                  = true                                      {product} {ergonomic}
     bool UseLargePagesIndividualAllocation        = false                                  {pd product} {ergonomic}

Logging:
Log output configuration:
 #0: stdout all=warning uptime,level,tags
 #1: stderr all=off uptime,level,tags

Environment Variables:
JAVA_HOME=C:\Program Files\Java\jdk-11.0.12+7
PATH=C:\ProgramData\Oracle\Java\javapath;C:\Program Files (x86)\Embarcadero\Studio\21.0\bin;C:\Users\Public\Documents\Embarcadero\Studio\21.0\Bpl;C:\Program Files (x86)\Embarcadero\Studio\21.0\bin64;C:\Users\Public\Documents\Embarcadero\Studio\21.0\Bpl\Win64;C:\Program Files (x86)\Embarcadero\Studio\20.0\bin;C:\Users\Public\Documents\Embarcadero\Studio\20.0\Bpl;C:\Program Files (x86)\Embarcadero\Studio\20.0\bin64;C:\Users\Public\Documents\Embarcadero\Studio\20.0\Bpl\Win64;C:\Windows\system32;C:\Windows;C:\Windows\System32\Wbem;C:\Windows\System32\WindowsPowerShell\v1.0\;C:\Windows\System32\OpenSSH\;C:\Program Files\dotnet\;C:\Program Files (x86)\Windows Kits\10\Windows Performance Toolkit\;C:\Program Files\Microsoft SQL Server\Client SDK\ODBC\170\Tools\Binn\;C:\Program Files (x86)\Microsoft SQL Server\150\Tools\Binn\;C:\Program Files\Microsoft SQL Server\150\Tools\Binn\;C:\Program Files\Microsoft SQL Server\150\DTS\Binn\;C:\Program Files\Git\cmd;C:\Program Files (x86)\Microsoft SQL Server\150\DTS\Binn\;C:\Program Files\Azure Data Studio\bin;C:\Users\\AppData\Local\Microsoft\WindowsApps;C:\Users\\.dotnet\tools;C:\Program Files\Java\jdk-11.0.12+7\bin;C:\Program Files\Azure Data Studio\bin;C:\Users\\AppData\Local\Programs\Microsoft VS Code\bin
USERNAME=Anya
OS=Windows_NT
PROCESSOR_IDENTIFIER=AMD64 Family 23 Model 96 Stepping 1, AuthenticAMD



---------------  S Y S T E M  ---------------

OS: Windows 10 , 64 bit Build 19041 (10.0.19041.2546)
OS uptime: 2 days 10:18 hours

CPU:total 4 (initial active 4) (4 cores per cpu, 1 threads per core) family 23 model 96 stepping 1 microcode 0x0, cmov, cx8, fxsr, mmx, sse, sse2, sse3, ssse3, sse4.1, sse4.2, popcnt, avx, avx2, aes, clmul, mmxext, 3dnowpref, lzcnt, sse4a, tsc, tscinvbit, tscinv, bmi1, bmi2, adx, sha, fma

Memory: 4k page, system-wide physical 3242M (277M free)
TotalPageFile size 12970M (AvailPageFile size 24M)
current process WorkingSet (physical memory assigned to process): 346M, peak: 346M
current process commit charge ("private bytes"): 452M, peak: 501M

vm_info: OpenJDK 64-Bit Server VM (11.0.15+0-b2043.56-9505619) for windows-amd64 JRE (11.0.15+0-b2043.56-9505619), built on Jan 19 2023 02:48:00 by "builduser" with unknown MS VC++:1929

END.
